{"/Users/nico/github/FullstackAcademy/project_19/pandemicprep2/db/client.js": {"path":"/Users/nico/github/FullstackAcademy/project_19/pandemicprep2/db/client.js","statementMap":{"0":{"start":{"line":1,"column":19},"end":{"line":1,"column":32}},"1":{"start":{"line":2,"column":16},"end":{"line":2,"column":41}},"2":{"start":{"line":3,"column":15},"end":{"line":3,"column":66}},"3":{"start":{"line":4,"column":15},"end":{"line":4,"column":33}},"4":{"start":{"line":6,"column":0},"end":{"line":8,"column":1}}},"fnMap":{},"branchMap":{"0":{"loc":{"start":{"line":3,"column":15},"end":{"line":3,"column":66}},"type":"binary-expr","locations":[{"start":{"line":3,"column":15},"end":{"line":3,"column":39}},{"start":{"line":3,"column":43},"end":{"line":3,"column":66}}],"line":3}},"s":{"0":2,"1":2,"2":2,"3":2,"4":2},"f":{},"b":{"0":[2,2]},"_coverageSchema":"1a1c01bbd47fc00a2c39e90264f33305004495a9","hash":"7bc003effbed65fe45a4b4c0bb0faa3fd3a69b49"}
,"/Users/nico/github/FullstackAcademy/project_19/pandemicprep2/db/singletables/cart.js": {"path":"/Users/nico/github/FullstackAcademy/project_19/pandemicprep2/db/singletables/cart.js","statementMap":{"0":{"start":{"line":3,"column":19},"end":{"line":3,"column":39}},"1":{"start":{"line":4,"column":16},"end":{"line":4,"column":35}},"2":{"start":{"line":5,"column":14},"end":{"line":5,"column":16}},"3":{"start":{"line":12,"column":1},"end":{"line":12,"column":78}},"4":{"start":{"line":14,"column":1},"end":{"line":30,"column":19}},"5":{"start":{"line":17,"column":6},"end":{"line":24,"column":3}},"6":{"start":{"line":25,"column":2},"end":{"line":25,"column":44}},"7":{"start":{"line":27,"column":2},"end":{"line":27,"column":21}},"8":{"start":{"line":28,"column":2},"end":{"line":28,"column":47}},"9":{"start":{"line":29,"column":2},"end":{"line":29,"column":17}},"10":{"start":{"line":38,"column":1},"end":{"line":50,"column":2}},"11":{"start":{"line":39,"column":19},"end":{"line":45,"column":3}},"12":{"start":{"line":47,"column":2},"end":{"line":47,"column":14}},"13":{"start":{"line":49,"column":2},"end":{"line":49,"column":14}},"14":{"start":{"line":57,"column":1},"end":{"line":67,"column":2}},"15":{"start":{"line":58,"column":19},"end":{"line":63,"column":3}},"16":{"start":{"line":64,"column":2},"end":{"line":64,"column":14}},"17":{"start":{"line":66,"column":2},"end":{"line":66,"column":14}},"18":{"start":{"line":74,"column":1},"end":{"line":106,"column":2}},"19":{"start":{"line":75,"column":17},"end":{"line":75,"column":41}},"20":{"start":{"line":77,"column":23},"end":{"line":82,"column":3}},"21":{"start":{"line":84,"column":26},"end":{"line":91,"column":3}},"22":{"start":{"line":93,"column":2},"end":{"line":100,"column":5}},"23":{"start":{"line":94,"column":3},"end":{"line":94,"column":39}},"24":{"start":{"line":95,"column":17},"end":{"line":95,"column":57}},"25":{"start":{"line":96,"column":3},"end":{"line":96,"column":22}},"26":{"start":{"line":97,"column":16},"end":{"line":97,"column":46}},"27":{"start":{"line":98,"column":3},"end":{"line":98,"column":20}},"28":{"start":{"line":99,"column":3},"end":{"line":99,"column":22}},"29":{"start":{"line":102,"column":20},"end":{"line":102,"column":47}},"30":{"start":{"line":103,"column":2},"end":{"line":103,"column":28}},"31":{"start":{"line":105,"column":2},"end":{"line":105,"column":14}},"32":{"start":{"line":111,"column":1},"end":{"line":128,"column":2}},"33":{"start":{"line":114,"column":6},"end":{"line":120,"column":3}},"34":{"start":{"line":121,"column":2},"end":{"line":125,"column":3}},"35":{"start":{"line":122,"column":3},"end":{"line":122,"column":15}},"36":{"start":{"line":124,"column":3},"end":{"line":124,"column":44}},"37":{"start":{"line":127,"column":2},"end":{"line":127,"column":14}},"38":{"start":{"line":136,"column":1},"end":{"line":149,"column":2}},"39":{"start":{"line":137,"column":21},"end":{"line":137,"column":53}},"40":{"start":{"line":139,"column":16},"end":{"line":139,"column":68}},"41":{"start":{"line":141,"column":2},"end":{"line":141,"column":50}},"42":{"start":{"line":142,"column":2},"end":{"line":142,"column":27}},"43":{"start":{"line":144,"column":2},"end":{"line":146,"column":3}},"44":{"start":{"line":145,"column":3},"end":{"line":145,"column":21}},"45":{"start":{"line":148,"column":2},"end":{"line":148,"column":14}},"46":{"start":{"line":153,"column":1},"end":{"line":169,"column":2}},"47":{"start":{"line":156,"column":6},"end":{"line":162,"column":3}},"48":{"start":{"line":164,"column":2},"end":{"line":166,"column":3}},"49":{"start":{"line":165,"column":3},"end":{"line":165,"column":21}},"50":{"start":{"line":168,"column":2},"end":{"line":168,"column":14}},"51":{"start":{"line":178,"column":1},"end":{"line":215,"column":2}},"52":{"start":{"line":179,"column":20},"end":{"line":179,"column":40}},"53":{"start":{"line":180,"column":2},"end":{"line":187,"column":4}},"54":{"start":{"line":188,"column":15},"end":{"line":188,"column":42}},"55":{"start":{"line":190,"column":14},"end":{"line":190,"column":15}},"56":{"start":{"line":191,"column":21},"end":{"line":191,"column":22}},"57":{"start":{"line":192,"column":2},"end":{"line":195,"column":5}},"58":{"start":{"line":193,"column":3},"end":{"line":193,"column":34}},"59":{"start":{"line":194,"column":3},"end":{"line":194,"column":47}},"60":{"start":{"line":197,"column":2},"end":{"line":206,"column":4}},"61":{"start":{"line":208,"column":2},"end":{"line":208,"column":28}},"62":{"start":{"line":210,"column":18},"end":{"line":210,"column":45}},"63":{"start":{"line":212,"column":2},"end":{"line":212,"column":17}},"64":{"start":{"line":214,"column":2},"end":{"line":214,"column":14}},"65":{"start":{"line":223,"column":1},"end":{"line":245,"column":2}},"66":{"start":{"line":224,"column":26},"end":{"line":233,"column":3}},"67":{"start":{"line":234,"column":2},"end":{"line":242,"column":3}},"68":{"start":{"line":235,"column":3},"end":{"line":238,"column":6}},"69":{"start":{"line":236,"column":4},"end":{"line":236,"column":48}},"70":{"start":{"line":237,"column":4},"end":{"line":237,"column":48}},"71":{"start":{"line":239,"column":3},"end":{"line":239,"column":16}},"72":{"start":{"line":241,"column":3},"end":{"line":241,"column":13}},"73":{"start":{"line":244,"column":2},"end":{"line":244,"column":14}},"74":{"start":{"line":252,"column":1},"end":{"line":263,"column":2}},"75":{"start":{"line":253,"column":19},"end":{"line":255,"column":14}},"76":{"start":{"line":256,"column":2},"end":{"line":259,"column":5}},"77":{"start":{"line":257,"column":3},"end":{"line":257,"column":47}},"78":{"start":{"line":258,"column":3},"end":{"line":258,"column":47}},"79":{"start":{"line":260,"column":2},"end":{"line":260,"column":14}},"80":{"start":{"line":262,"column":2},"end":{"line":262,"column":14}},"81":{"start":{"line":271,"column":1},"end":{"line":312,"column":2}},"82":{"start":{"line":272,"column":18},"end":{"line":279,"column":3}},"83":{"start":{"line":281,"column":15},"end":{"line":281,"column":42}},"84":{"start":{"line":283,"column":14},"end":{"line":283,"column":15}},"85":{"start":{"line":284,"column":21},"end":{"line":284,"column":22}},"86":{"start":{"line":285,"column":2},"end":{"line":288,"column":5}},"87":{"start":{"line":286,"column":3},"end":{"line":286,"column":34}},"88":{"start":{"line":287,"column":3},"end":{"line":287,"column":47}},"89":{"start":{"line":290,"column":35},"end":{"line":299,"column":3}},"90":{"start":{"line":301,"column":2},"end":{"line":301,"column":28}},"91":{"start":{"line":303,"column":18},"end":{"line":303,"column":45}},"92":{"start":{"line":305,"column":2},"end":{"line":309,"column":3}},"93":{"start":{"line":306,"column":3},"end":{"line":306,"column":18}},"94":{"start":{"line":308,"column":3},"end":{"line":308,"column":13}},"95":{"start":{"line":311,"column":2},"end":{"line":311,"column":14}},"96":{"start":{"line":322,"column":19},"end":{"line":322,"column":39}},"97":{"start":{"line":324,"column":1},"end":{"line":363,"column":2}},"98":{"start":{"line":325,"column":2},"end":{"line":334,"column":4}},"99":{"start":{"line":336,"column":15},"end":{"line":336,"column":42}},"100":{"start":{"line":338,"column":14},"end":{"line":338,"column":15}},"101":{"start":{"line":339,"column":21},"end":{"line":339,"column":22}},"102":{"start":{"line":340,"column":2},"end":{"line":343,"column":5}},"103":{"start":{"line":341,"column":3},"end":{"line":341,"column":34}},"104":{"start":{"line":342,"column":3},"end":{"line":342,"column":47}},"105":{"start":{"line":345,"column":2},"end":{"line":354,"column":4}},"106":{"start":{"line":356,"column":2},"end":{"line":356,"column":29}},"107":{"start":{"line":358,"column":18},"end":{"line":358,"column":45}},"108":{"start":{"line":360,"column":2},"end":{"line":360,"column":17}},"109":{"start":{"line":362,"column":2},"end":{"line":362,"column":14}},"110":{"start":{"line":368,"column":1},"end":{"line":385,"column":2}},"111":{"start":{"line":369,"column":2},"end":{"line":376,"column":4}},"112":{"start":{"line":378,"column":2},"end":{"line":378,"column":28}},"113":{"start":{"line":380,"column":18},"end":{"line":380,"column":65}},"114":{"start":{"line":382,"column":2},"end":{"line":382,"column":17}},"115":{"start":{"line":384,"column":2},"end":{"line":384,"column":14}},"116":{"start":{"line":390,"column":1},"end":{"line":408,"column":2}},"117":{"start":{"line":393,"column":6},"end":{"line":401,"column":3}},"118":{"start":{"line":403,"column":2},"end":{"line":403,"column":28}},"119":{"start":{"line":405,"column":2},"end":{"line":405,"column":24}},"120":{"start":{"line":407,"column":2},"end":{"line":407,"column":14}},"121":{"start":{"line":413,"column":1},"end":{"line":446,"column":2}},"122":{"start":{"line":414,"column":17},"end":{"line":414,"column":41}},"123":{"start":{"line":416,"column":23},"end":{"line":422,"column":3}},"124":{"start":{"line":424,"column":26},"end":{"line":431,"column":3}},"125":{"start":{"line":433,"column":2},"end":{"line":440,"column":5}},"126":{"start":{"line":434,"column":3},"end":{"line":434,"column":39}},"127":{"start":{"line":435,"column":17},"end":{"line":435,"column":57}},"128":{"start":{"line":436,"column":3},"end":{"line":436,"column":22}},"129":{"start":{"line":437,"column":16},"end":{"line":437,"column":46}},"130":{"start":{"line":438,"column":3},"end":{"line":438,"column":20}},"131":{"start":{"line":439,"column":3},"end":{"line":439,"column":22}},"132":{"start":{"line":442,"column":20},"end":{"line":442,"column":47}},"133":{"start":{"line":443,"column":2},"end":{"line":443,"column":28}},"134":{"start":{"line":445,"column":2},"end":{"line":445,"column":14}},"135":{"start":{"line":451,"column":1},"end":{"line":481,"column":2}},"136":{"start":{"line":452,"column":17},"end":{"line":452,"column":41}},"137":{"start":{"line":454,"column":23},"end":{"line":458,"column":3}},"138":{"start":{"line":460,"column":26},"end":{"line":466,"column":3}},"139":{"start":{"line":468,"column":2},"end":{"line":475,"column":5}},"140":{"start":{"line":469,"column":3},"end":{"line":469,"column":39}},"141":{"start":{"line":470,"column":17},"end":{"line":470,"column":57}},"142":{"start":{"line":471,"column":3},"end":{"line":471,"column":22}},"143":{"start":{"line":472,"column":16},"end":{"line":472,"column":46}},"144":{"start":{"line":473,"column":3},"end":{"line":473,"column":20}},"145":{"start":{"line":474,"column":3},"end":{"line":474,"column":22}},"146":{"start":{"line":477,"column":20},"end":{"line":477,"column":47}},"147":{"start":{"line":478,"column":2},"end":{"line":478,"column":28}},"148":{"start":{"line":480,"column":2},"end":{"line":480,"column":14}},"149":{"start":{"line":485,"column":1},"end":{"line":496,"column":2}},"150":{"start":{"line":486,"column":2},"end":{"line":493,"column":4}},"151":{"start":{"line":495,"column":2},"end":{"line":495,"column":14}},"152":{"start":{"line":500,"column":17},"end":{"line":500,"column":27}},"153":{"start":{"line":501,"column":12},"end":{"line":501,"column":92}},"154":{"start":{"line":503,"column":2},"end":{"line":507,"column":81}},"155":{"start":{"line":509,"column":1},"end":{"line":509,"column":23}},"156":{"start":{"line":513,"column":1},"end":{"line":528,"column":2}},"157":{"start":{"line":514,"column":19},"end":{"line":523,"column":4}},"158":{"start":{"line":524,"column":2},"end":{"line":524,"column":34}},"159":{"start":{"line":525,"column":2},"end":{"line":525,"column":14}},"160":{"start":{"line":527,"column":2},"end":{"line":527,"column":14}},"161":{"start":{"line":531,"column":0},"end":{"line":547,"column":2}}},"fnMap":{"0":{"name":"addCart","decl":{"start":{"line":11,"column":15},"end":{"line":11,"column":22}},"loc":{"start":{"line":11,"column":50},"end":{"line":31,"column":1}},"line":11},"1":{"name":"getCartHistoryStatus","decl":{"start":{"line":37,"column":15},"end":{"line":37,"column":35}},"loc":{"start":{"line":37,"column":40},"end":{"line":51,"column":1}},"line":37},"2":{"name":"getCartHistoryStatusAdmin","decl":{"start":{"line":56,"column":15},"end":{"line":56,"column":40}},"loc":{"start":{"line":56,"column":43},"end":{"line":68,"column":1}},"line":56},"3":{"name":"getProcessingCarts","decl":{"start":{"line":73,"column":15},"end":{"line":73,"column":33}},"loc":{"start":{"line":73,"column":50},"end":{"line":107,"column":1}},"line":73},"4":{"name":"(anonymous_4)","decl":{"start":{"line":93,"column":33},"end":{"line":93,"column":34}},"loc":{"start":{"line":93,"column":70},"end":{"line":100,"column":3}},"line":93},"5":{"name":"getUserById","decl":{"start":{"line":110,"column":15},"end":{"line":110,"column":26}},"loc":{"start":{"line":110,"column":31},"end":{"line":129,"column":1}},"line":110},"6":{"name":"getActiveCart","decl":{"start":{"line":135,"column":15},"end":{"line":135,"column":28}},"loc":{"start":{"line":135,"column":37},"end":{"line":150,"column":1}},"line":135},"7":{"name":"getActiveCartAlone","decl":{"start":{"line":152,"column":15},"end":{"line":152,"column":33}},"loc":{"start":{"line":152,"column":42},"end":{"line":170,"column":1}},"line":152},"8":{"name":"addProductToCart","decl":{"start":{"line":176,"column":15},"end":{"line":176,"column":31}},"loc":{"start":{"line":176,"column":84},"end":{"line":216,"column":1}},"line":176},"9":{"name":"(anonymous_9)","decl":{"start":{"line":192,"column":17},"end":{"line":192,"column":18}},"loc":{"start":{"line":192,"column":27},"end":{"line":195,"column":3}},"line":192},"10":{"name":"getProductsCartForACartId","decl":{"start":{"line":222,"column":15},"end":{"line":222,"column":40}},"loc":{"start":{"line":222,"column":45},"end":{"line":246,"column":1}},"line":222},"11":{"name":"(anonymous_11)","decl":{"start":{"line":235,"column":17},"end":{"line":235,"column":18}},"loc":{"start":{"line":235,"column":27},"end":{"line":238,"column":4}},"line":235},"12":{"name":"getAllProductsCart","decl":{"start":{"line":251,"column":15},"end":{"line":251,"column":33}},"loc":{"start":{"line":251,"column":36},"end":{"line":264,"column":1}},"line":251},"13":{"name":"(anonymous_13)","decl":{"start":{"line":256,"column":15},"end":{"line":256,"column":16}},"loc":{"start":{"line":256,"column":25},"end":{"line":259,"column":3}},"line":256},"14":{"name":"removeProductFromCart","decl":{"start":{"line":270,"column":15},"end":{"line":270,"column":36}},"loc":{"start":{"line":270,"column":75},"end":{"line":313,"column":1}},"line":270},"15":{"name":"(anonymous_15)","decl":{"start":{"line":285,"column":21},"end":{"line":285,"column":22}},"loc":{"start":{"line":285,"column":31},"end":{"line":288,"column":3}},"line":285},"16":{"name":"updateProductQuantity","decl":{"start":{"line":321,"column":15},"end":{"line":321,"column":36}},"loc":{"start":{"line":321,"column":79},"end":{"line":364,"column":1}},"line":321},"17":{"name":"(anonymous_17)","decl":{"start":{"line":340,"column":17},"end":{"line":340,"column":18}},"loc":{"start":{"line":340,"column":27},"end":{"line":343,"column":3}},"line":340},"18":{"name":"deactivateCart","decl":{"start":{"line":367,"column":15},"end":{"line":367,"column":29}},"loc":{"start":{"line":367,"column":50},"end":{"line":386,"column":1}},"line":367},"19":{"name":"completeCart","decl":{"start":{"line":389,"column":15},"end":{"line":389,"column":27}},"loc":{"start":{"line":389,"column":36},"end":{"line":409,"column":1}},"line":389},"20":{"name":"getUserOrderHistory","decl":{"start":{"line":412,"column":15},"end":{"line":412,"column":34}},"loc":{"start":{"line":412,"column":59},"end":{"line":447,"column":1}},"line":412},"21":{"name":"(anonymous_21)","decl":{"start":{"line":433,"column":33},"end":{"line":433,"column":34}},"loc":{"start":{"line":433,"column":70},"end":{"line":440,"column":3}},"line":433},"22":{"name":"getOrderHistory","decl":{"start":{"line":450,"column":15},"end":{"line":450,"column":30}},"loc":{"start":{"line":450,"column":47},"end":{"line":482,"column":1}},"line":450},"23":{"name":"(anonymous_23)","decl":{"start":{"line":468,"column":33},"end":{"line":468,"column":34}},"loc":{"start":{"line":468,"column":70},"end":{"line":475,"column":3}},"line":468},"24":{"name":"lastUpdated","decl":{"start":{"line":484,"column":15},"end":{"line":484,"column":26}},"loc":{"start":{"line":484,"column":35},"end":{"line":497,"column":1}},"line":484},"25":{"name":"getDate","decl":{"start":{"line":499,"column":9},"end":{"line":499,"column":16}},"loc":{"start":{"line":499,"column":19},"end":{"line":510,"column":1}},"line":499},"26":{"name":"getSalesReport","decl":{"start":{"line":512,"column":15},"end":{"line":512,"column":29}},"loc":{"start":{"line":512,"column":32},"end":{"line":529,"column":1}},"line":512}},"branchMap":{"0":{"loc":{"start":{"line":73,"column":34},"end":{"line":73,"column":48}},"type":"default-arg","locations":[{"start":{"line":73,"column":47},"end":{"line":73,"column":48}}],"line":73},"1":{"loc":{"start":{"line":121,"column":2},"end":{"line":125,"column":3}},"type":"if","locations":[{"start":{"line":121,"column":2},"end":{"line":125,"column":3}},{"start":{"line":121,"column":2},"end":{"line":125,"column":3}}],"line":121},"2":{"loc":{"start":{"line":144,"column":2},"end":{"line":146,"column":3}},"type":"if","locations":[{"start":{"line":144,"column":2},"end":{"line":146,"column":3}},{"start":{"line":144,"column":2},"end":{"line":146,"column":3}}],"line":144},"3":{"loc":{"start":{"line":164,"column":2},"end":{"line":166,"column":3}},"type":"if","locations":[{"start":{"line":164,"column":2},"end":{"line":166,"column":3}},{"start":{"line":164,"column":2},"end":{"line":166,"column":3}}],"line":164},"4":{"loc":{"start":{"line":234,"column":2},"end":{"line":242,"column":3}},"type":"if","locations":[{"start":{"line":234,"column":2},"end":{"line":242,"column":3}},{"start":{"line":234,"column":2},"end":{"line":242,"column":3}}],"line":234},"5":{"loc":{"start":{"line":305,"column":2},"end":{"line":309,"column":3}},"type":"if","locations":[{"start":{"line":305,"column":2},"end":{"line":309,"column":3}},{"start":{"line":305,"column":2},"end":{"line":309,"column":3}}],"line":305},"6":{"loc":{"start":{"line":412,"column":43},"end":{"line":412,"column":57}},"type":"default-arg","locations":[{"start":{"line":412,"column":56},"end":{"line":412,"column":57}}],"line":412},"7":{"loc":{"start":{"line":450,"column":31},"end":{"line":450,"column":45}},"type":"default-arg","locations":[{"start":{"line":450,"column":44},"end":{"line":450,"column":45}}],"line":450},"8":{"loc":{"start":{"line":503,"column":3},"end":{"line":503,"column":74}},"type":"cond-expr","locations":[{"start":{"line":503,"column":29},"end":{"line":503,"column":53}},{"start":{"line":503,"column":56},"end":{"line":503,"column":74}}],"line":503},"9":{"loc":{"start":{"line":505,"column":3},"end":{"line":505,"column":80}},"type":"cond-expr","locations":[{"start":{"line":505,"column":31},"end":{"line":505,"column":57}},{"start":{"line":505,"column":60},"end":{"line":505,"column":80}}],"line":505},"10":{"loc":{"start":{"line":507,"column":3},"end":{"line":507,"column":80}},"type":"cond-expr","locations":[{"start":{"line":507,"column":31},"end":{"line":507,"column":57}},{"start":{"line":507,"column":60},"end":{"line":507,"column":80}}],"line":507}},"s":{"0":2,"1":2,"2":2,"3":0,"4":0,"5":0,"6":0,"7":0,"8":0,"9":0,"10":0,"11":0,"12":0,"13":0,"14":0,"15":0,"16":0,"17":0,"18":0,"19":0,"20":0,"21":0,"22":0,"23":0,"24":0,"25":0,"26":0,"27":0,"28":0,"29":0,"30":0,"31":0,"32":0,"33":0,"34":0,"35":0,"36":0,"37":0,"38":0,"39":0,"40":0,"41":0,"42":0,"43":0,"44":0,"45":0,"46":0,"47":0,"48":0,"49":0,"50":0,"51":0,"52":0,"53":0,"54":0,"55":0,"56":0,"57":0,"58":0,"59":0,"60":0,"61":0,"62":0,"63":0,"64":0,"65":0,"66":0,"67":0,"68":0,"69":0,"70":0,"71":0,"72":0,"73":0,"74":0,"75":0,"76":0,"77":0,"78":0,"79":0,"80":0,"81":0,"82":0,"83":0,"84":0,"85":0,"86":0,"87":0,"88":0,"89":0,"90":0,"91":0,"92":0,"93":0,"94":0,"95":0,"96":0,"97":0,"98":0,"99":0,"100":0,"101":0,"102":0,"103":0,"104":0,"105":0,"106":0,"107":0,"108":0,"109":0,"110":0,"111":0,"112":0,"113":0,"114":0,"115":0,"116":0,"117":0,"118":0,"119":0,"120":0,"121":0,"122":0,"123":0,"124":0,"125":0,"126":0,"127":0,"128":0,"129":0,"130":0,"131":0,"132":0,"133":0,"134":0,"135":0,"136":0,"137":0,"138":0,"139":0,"140":0,"141":0,"142":0,"143":0,"144":0,"145":0,"146":0,"147":0,"148":0,"149":0,"150":0,"151":0,"152":0,"153":0,"154":0,"155":0,"156":0,"157":0,"158":0,"159":0,"160":0,"161":2},"f":{"0":0,"1":0,"2":0,"3":0,"4":0,"5":0,"6":0,"7":0,"8":0,"9":0,"10":0,"11":0,"12":0,"13":0,"14":0,"15":0,"16":0,"17":0,"18":0,"19":0,"20":0,"21":0,"22":0,"23":0,"24":0,"25":0,"26":0},"b":{"0":[0],"1":[0,0],"2":[0,0],"3":[0,0],"4":[0,0],"5":[0,0],"6":[0],"7":[0],"8":[0,0],"9":[0,0],"10":[0,0]},"_coverageSchema":"1a1c01bbd47fc00a2c39e90264f33305004495a9","hash":"fc188aa3ab531c02205f0daf97a5396e622050d6"}
,"/Users/nico/github/FullstackAcademy/project_19/pandemicprep2/db/singletables/users.js": {"path":"/Users/nico/github/FullstackAcademy/project_19/pandemicprep2/db/singletables/users.js","statementMap":{"0":{"start":{"line":3,"column":19},"end":{"line":3,"column":39}},"1":{"start":{"line":4,"column":15},"end":{"line":4,"column":32}},"2":{"start":{"line":5,"column":35},"end":{"line":5,"column":69}},"3":{"start":{"line":7,"column":14},"end":{"line":7,"column":16}},"4":{"start":{"line":8,"column":19},"end":{"line":8,"column":21}},"5":{"start":{"line":34,"column":1},"end":{"line":34,"column":52}},"6":{"start":{"line":35,"column":23},"end":{"line":35,"column":27}},"7":{"start":{"line":36,"column":25},"end":{"line":36,"column":29}},"8":{"start":{"line":38,"column":1},"end":{"line":92,"column":2}},"9":{"start":{"line":39,"column":2},"end":{"line":89,"column":3}},"10":{"start":{"line":40,"column":3},"end":{"line":42,"column":4}},"11":{"start":{"line":41,"column":4},"end":{"line":41,"column":62}},"12":{"start":{"line":43,"column":3},"end":{"line":45,"column":4}},"13":{"start":{"line":44,"column":4},"end":{"line":44,"column":71}},"14":{"start":{"line":49,"column":7},"end":{"line":73,"column":4}},"15":{"start":{"line":75,"column":3},"end":{"line":86,"column":4}},"16":{"start":{"line":76,"column":23},"end":{"line":80,"column":6}},"17":{"start":{"line":81,"column":4},"end":{"line":81,"column":26}},"18":{"start":{"line":82,"column":4},"end":{"line":82,"column":36}},"19":{"start":{"line":83,"column":4},"end":{"line":83,"column":19}},"20":{"start":{"line":85,"column":4},"end":{"line":85,"column":73}},"21":{"start":{"line":88,"column":3},"end":{"line":88,"column":58}},"22":{"start":{"line":91,"column":2},"end":{"line":91,"column":14}},"23":{"start":{"line":102,"column":1},"end":{"line":125,"column":2}},"24":{"start":{"line":103,"column":17},"end":{"line":103,"column":41}},"25":{"start":{"line":105,"column":23},"end":{"line":107,"column":10}},"26":{"start":{"line":109,"column":19},"end":{"line":112,"column":10}},"27":{"start":{"line":114,"column":20},"end":{"line":114,"column":47}},"28":{"start":{"line":116,"column":2},"end":{"line":120,"column":5}},"29":{"start":{"line":117,"column":3},"end":{"line":119,"column":4}},"30":{"start":{"line":118,"column":4},"end":{"line":118,"column":14}},"31":{"start":{"line":121,"column":2},"end":{"line":121,"column":24}},"32":{"start":{"line":122,"column":2},"end":{"line":122,"column":27}},"33":{"start":{"line":124,"column":2},"end":{"line":124,"column":14}},"34":{"start":{"line":136,"column":1},"end":{"line":136,"column":18}},"35":{"start":{"line":137,"column":1},"end":{"line":139,"column":2}},"36":{"start":{"line":138,"column":2},"end":{"line":138,"column":67}},"37":{"start":{"line":141,"column":19},"end":{"line":143,"column":13}},"38":{"start":{"line":142,"column":23},"end":{"line":142,"column":47}},"39":{"start":{"line":145,"column":1},"end":{"line":147,"column":2}},"40":{"start":{"line":146,"column":2},"end":{"line":146,"column":9}},"41":{"start":{"line":148,"column":1},"end":{"line":164,"column":2}},"42":{"start":{"line":151,"column":6},"end":{"line":159,"column":3}},"43":{"start":{"line":161,"column":2},"end":{"line":161,"column":14}},"44":{"start":{"line":163,"column":2},"end":{"line":163,"column":14}},"45":{"start":{"line":172,"column":1},"end":{"line":188,"column":2}},"46":{"start":{"line":175,"column":6},"end":{"line":180,"column":3}},"47":{"start":{"line":181,"column":2},"end":{"line":185,"column":3}},"48":{"start":{"line":182,"column":3},"end":{"line":182,"column":15}},"49":{"start":{"line":184,"column":3},"end":{"line":184,"column":51}},"50":{"start":{"line":187,"column":2},"end":{"line":187,"column":14}},"51":{"start":{"line":196,"column":1},"end":{"line":218,"column":2}},"52":{"start":{"line":199,"column":6},"end":{"line":206,"column":3}},"53":{"start":{"line":208,"column":2},"end":{"line":215,"column":3}},"54":{"start":{"line":209,"column":22},"end":{"line":209,"column":50}},"55":{"start":{"line":210,"column":3},"end":{"line":210,"column":32}},"56":{"start":{"line":212,"column":3},"end":{"line":212,"column":15}},"57":{"start":{"line":214,"column":3},"end":{"line":214,"column":54}},"58":{"start":{"line":217,"column":2},"end":{"line":217,"column":14}},"59":{"start":{"line":222,"column":1},"end":{"line":222,"column":14}},"60":{"start":{"line":225,"column":0},"end":{"line":232,"column":2}}},"fnMap":{"0":{"name":"addUser","decl":{"start":{"line":18,"column":15},"end":{"line":18,"column":22}},"loc":{"start":{"line":33,"column":3},"end":{"line":93,"column":1}},"line":33},"1":{"name":"getAllUsers","decl":{"start":{"line":101,"column":15},"end":{"line":101,"column":26}},"loc":{"start":{"line":101,"column":49},"end":{"line":126,"column":1}},"line":101},"2":{"name":"(anonymous_2)","decl":{"start":{"line":116,"column":11},"end":{"line":116,"column":12}},"loc":{"start":{"line":116,"column":23},"end":{"line":120,"column":3}},"line":116},"3":{"name":"updateUser","decl":{"start":{"line":133,"column":15},"end":{"line":133,"column":25}},"loc":{"start":{"line":133,"column":43},"end":{"line":165,"column":1}},"line":133},"4":{"name":"(anonymous_4)","decl":{"start":{"line":142,"column":7},"end":{"line":142,"column":8}},"loc":{"start":{"line":142,"column":23},"end":{"line":142,"column":47}},"line":142},"5":{"name":"getUserById","decl":{"start":{"line":171,"column":15},"end":{"line":171,"column":26}},"loc":{"start":{"line":171,"column":31},"end":{"line":189,"column":1}},"line":171},"6":{"name":"getUserByEmail","decl":{"start":{"line":195,"column":15},"end":{"line":195,"column":29}},"loc":{"start":{"line":195,"column":37},"end":{"line":219,"column":1}},"line":195},"7":{"name":"sum","decl":{"start":{"line":221,"column":9},"end":{"line":221,"column":12}},"loc":{"start":{"line":221,"column":19},"end":{"line":223,"column":1}},"line":221}},"branchMap":{"0":{"loc":{"start":{"line":21,"column":1},"end":{"line":21,"column":16}},"type":"default-arg","locations":[{"start":{"line":21,"column":11},"end":{"line":21,"column":16}}],"line":21},"1":{"loc":{"start":{"line":22,"column":1},"end":{"line":22,"column":15}},"type":"default-arg","locations":[{"start":{"line":22,"column":10},"end":{"line":22,"column":15}}],"line":22},"2":{"loc":{"start":{"line":23,"column":1},"end":{"line":23,"column":13}},"type":"default-arg","locations":[{"start":{"line":23,"column":9},"end":{"line":23,"column":13}}],"line":23},"3":{"loc":{"start":{"line":24,"column":1},"end":{"line":24,"column":14}},"type":"default-arg","locations":[{"start":{"line":24,"column":12},"end":{"line":24,"column":14}}],"line":24},"4":{"loc":{"start":{"line":25,"column":1},"end":{"line":25,"column":18}},"type":"default-arg","locations":[{"start":{"line":25,"column":16},"end":{"line":25,"column":18}}],"line":25},"5":{"loc":{"start":{"line":26,"column":1},"end":{"line":26,"column":18}},"type":"default-arg","locations":[{"start":{"line":26,"column":16},"end":{"line":26,"column":18}}],"line":26},"6":{"loc":{"start":{"line":27,"column":1},"end":{"line":27,"column":10}},"type":"default-arg","locations":[{"start":{"line":27,"column":8},"end":{"line":27,"column":10}}],"line":27},"7":{"loc":{"start":{"line":28,"column":1},"end":{"line":28,"column":11}},"type":"default-arg","locations":[{"start":{"line":28,"column":9},"end":{"line":28,"column":11}}],"line":28},"8":{"loc":{"start":{"line":29,"column":1},"end":{"line":29,"column":13}},"type":"default-arg","locations":[{"start":{"line":29,"column":11},"end":{"line":29,"column":13}}],"line":29},"9":{"loc":{"start":{"line":30,"column":1},"end":{"line":30,"column":13}},"type":"default-arg","locations":[{"start":{"line":30,"column":11},"end":{"line":30,"column":13}}],"line":30},"10":{"loc":{"start":{"line":31,"column":1},"end":{"line":31,"column":13}},"type":"default-arg","locations":[{"start":{"line":31,"column":9},"end":{"line":31,"column":13}}],"line":31},"11":{"loc":{"start":{"line":32,"column":1},"end":{"line":32,"column":18}},"type":"default-arg","locations":[{"start":{"line":32,"column":14},"end":{"line":32,"column":18}}],"line":32},"12":{"loc":{"start":{"line":39,"column":2},"end":{"line":89,"column":3}},"type":"if","locations":[{"start":{"line":39,"column":2},"end":{"line":89,"column":3}},{"start":{"line":39,"column":2},"end":{"line":89,"column":3}}],"line":39},"13":{"loc":{"start":{"line":40,"column":3},"end":{"line":42,"column":4}},"type":"if","locations":[{"start":{"line":40,"column":3},"end":{"line":42,"column":4}},{"start":{"line":40,"column":3},"end":{"line":42,"column":4}}],"line":40},"14":{"loc":{"start":{"line":43,"column":3},"end":{"line":45,"column":4}},"type":"if","locations":[{"start":{"line":43,"column":3},"end":{"line":45,"column":4}},{"start":{"line":43,"column":3},"end":{"line":45,"column":4}}],"line":43},"15":{"loc":{"start":{"line":75,"column":3},"end":{"line":86,"column":4}},"type":"if","locations":[{"start":{"line":75,"column":3},"end":{"line":86,"column":4}},{"start":{"line":75,"column":3},"end":{"line":86,"column":4}}],"line":75},"16":{"loc":{"start":{"line":101,"column":27},"end":{"line":101,"column":41}},"type":"default-arg","locations":[{"start":{"line":101,"column":40},"end":{"line":101,"column":41}}],"line":101},"17":{"loc":{"start":{"line":117,"column":3},"end":{"line":119,"column":4}},"type":"if","locations":[{"start":{"line":117,"column":3},"end":{"line":119,"column":4}},{"start":{"line":117,"column":3},"end":{"line":119,"column":4}}],"line":117},"18":{"loc":{"start":{"line":133,"column":30},"end":{"line":133,"column":41}},"type":"default-arg","locations":[{"start":{"line":133,"column":39},"end":{"line":133,"column":41}}],"line":133},"19":{"loc":{"start":{"line":137,"column":1},"end":{"line":139,"column":2}},"type":"if","locations":[{"start":{"line":137,"column":1},"end":{"line":139,"column":2}},{"start":{"line":137,"column":1},"end":{"line":139,"column":2}}],"line":137},"20":{"loc":{"start":{"line":145,"column":1},"end":{"line":147,"column":2}},"type":"if","locations":[{"start":{"line":145,"column":1},"end":{"line":147,"column":2}},{"start":{"line":145,"column":1},"end":{"line":147,"column":2}}],"line":145},"21":{"loc":{"start":{"line":181,"column":2},"end":{"line":185,"column":3}},"type":"if","locations":[{"start":{"line":181,"column":2},"end":{"line":185,"column":3}},{"start":{"line":181,"column":2},"end":{"line":185,"column":3}}],"line":181},"22":{"loc":{"start":{"line":208,"column":2},"end":{"line":215,"column":3}},"type":"if","locations":[{"start":{"line":208,"column":2},"end":{"line":215,"column":3}},{"start":{"line":208,"column":2},"end":{"line":215,"column":3}}],"line":208}},"s":{"0":1,"1":1,"2":1,"3":1,"4":1,"5":1,"6":1,"7":1,"8":1,"9":1,"10":1,"11":1,"12":0,"13":0,"14":0,"15":0,"16":0,"17":0,"18":0,"19":0,"20":0,"21":0,"22":0,"23":0,"24":0,"25":0,"26":0,"27":0,"28":0,"29":0,"30":0,"31":0,"32":0,"33":0,"34":0,"35":0,"36":0,"37":0,"38":0,"39":0,"40":0,"41":0,"42":0,"43":0,"44":0,"45":0,"46":0,"47":0,"48":0,"49":0,"50":0,"51":0,"52":0,"53":0,"54":0,"55":0,"56":0,"57":0,"58":0,"59":1,"60":1},"f":{"0":1,"1":0,"2":0,"3":0,"4":0,"5":0,"6":0,"7":1},"b":{"0":[1],"1":[1],"2":[0],"3":[0],"4":[1],"5":[1],"6":[1],"7":[1],"8":[1],"9":[1],"10":[1],"11":[1],"12":[1,0],"13":[1,0],"14":[0,0],"15":[0,0],"16":[0],"17":[0,0],"18":[0],"19":[0,0],"20":[0,0],"21":[0,0],"22":[0,0]},"_coverageSchema":"1a1c01bbd47fc00a2c39e90264f33305004495a9","hash":"40e57900b634d6ee7e1de8ca4c4f2f42f85f5ece"}
}
