{"/Users/nico/github/FullstackAcademy/project_19/pandemicprep2/db/client.js": {"path":"/Users/nico/github/FullstackAcademy/project_19/pandemicprep2/db/client.js","statementMap":{"0":{"start":{"line":1,"column":19},"end":{"line":1,"column":32}},"1":{"start":{"line":2,"column":16},"end":{"line":2,"column":41}},"2":{"start":{"line":3,"column":15},"end":{"line":3,"column":66}},"3":{"start":{"line":4,"column":15},"end":{"line":4,"column":33}},"4":{"start":{"line":6,"column":0},"end":{"line":8,"column":1}}},"fnMap":{},"branchMap":{"0":{"loc":{"start":{"line":3,"column":15},"end":{"line":3,"column":66}},"type":"binary-expr","locations":[{"start":{"line":3,"column":15},"end":{"line":3,"column":39}},{"start":{"line":3,"column":43},"end":{"line":3,"column":66}}],"line":3}},"s":{"0":1,"1":1,"2":1,"3":1,"4":1},"f":{},"b":{"0":[1,1]},"_coverageSchema":"1a1c01bbd47fc00a2c39e90264f33305004495a9","hash":"7bc003effbed65fe45a4b4c0bb0faa3fd3a69b49"}
,"/Users/nico/github/FullstackAcademy/project_19/pandemicprep2/db/index.js": {"path":"/Users/nico/github/FullstackAcademy/project_19/pandemicprep2/db/index.js","statementMap":{"0":{"start":{"line":1,"column":0},"end":{"line":8,"column":1}}},"fnMap":{},"branchMap":{},"s":{"0":1},"f":{},"b":{},"_coverageSchema":"1a1c01bbd47fc00a2c39e90264f33305004495a9","hash":"a3dbd6773707b0f82378d8b1a909b63f52bf135b"}
,"/Users/nico/github/FullstackAcademy/project_19/pandemicprep2/db/seed.js": {"path":"/Users/nico/github/FullstackAcademy/project_19/pandemicprep2/db/seed.js","statementMap":{"0":{"start":{"line":1,"column":16},"end":{"line":1,"column":35}},"1":{"start":{"line":17,"column":4},"end":{"line":17,"column":22}},"2":{"start":{"line":19,"column":45},"end":{"line":19,"column":76}},"3":{"start":{"line":20,"column":70},"end":{"line":20,"column":104}},"4":{"start":{"line":22,"column":21},"end":{"line":22,"column":60}},"5":{"start":{"line":31,"column":4},"end":{"line":52,"column":5}},"6":{"start":{"line":32,"column":8},"end":{"line":32,"column":31}},"7":{"start":{"line":35,"column":8},"end":{"line":35,"column":37}},"8":{"start":{"line":36,"column":8},"end":{"line":36,"column":39}},"9":{"start":{"line":37,"column":8},"end":{"line":37,"column":30}},"10":{"start":{"line":38,"column":8},"end":{"line":38,"column":32}},"11":{"start":{"line":47,"column":8},"end":{"line":47,"column":51}},"12":{"start":{"line":48,"column":28},"end":{"line":48,"column":51}},"13":{"start":{"line":49,"column":8},"end":{"line":49,"column":45}},"14":{"start":{"line":51,"column":8},"end":{"line":51,"column":20}},"15":{"start":{"line":55,"column":4},"end":{"line":131,"column":5}},"16":{"start":{"line":57,"column":8},"end":{"line":57,"column":41}},"17":{"start":{"line":58,"column":22},"end":{"line":73,"column":10}},"18":{"start":{"line":74,"column":8},"end":{"line":74,"column":46}},"19":{"start":{"line":75,"column":8},"end":{"line":75,"column":70}},"20":{"start":{"line":76,"column":22},"end":{"line":91,"column":10}},"21":{"start":{"line":92,"column":8},"end":{"line":92,"column":55}},"22":{"start":{"line":93,"column":8},"end":{"line":93,"column":91}},"23":{"start":{"line":94,"column":22},"end":{"line":109,"column":10}},"24":{"start":{"line":110,"column":8},"end":{"line":110,"column":55}},"25":{"start":{"line":111,"column":8},"end":{"line":111,"column":57}},"26":{"start":{"line":112,"column":22},"end":{"line":127,"column":10}},"27":{"start":{"line":128,"column":8},"end":{"line":128,"column":55}},"28":{"start":{"line":130,"column":8},"end":{"line":130,"column":20}},"29":{"start":{"line":134,"column":4},"end":{"line":140,"column":5}},"30":{"start":{"line":135,"column":8},"end":{"line":135,"column":46}},"31":{"start":{"line":136,"column":25},"end":{"line":136,"column":44}},"32":{"start":{"line":137,"column":8},"end":{"line":137,"column":52}},"33":{"start":{"line":139,"column":8},"end":{"line":139,"column":20}},"34":{"start":{"line":143,"column":4},"end":{"line":143,"column":65}},"35":{"start":{"line":144,"column":19},"end":{"line":144,"column":38}},"36":{"start":{"line":145,"column":4},"end":{"line":164,"column":5}},"37":{"start":{"line":146,"column":8},"end":{"line":161,"column":11}},"38":{"start":{"line":151,"column":12},"end":{"line":151,"column":32}},"39":{"start":{"line":152,"column":31},"end":{"line":159,"column":14}},"40":{"start":{"line":160,"column":12},"end":{"line":160,"column":30}},"41":{"start":{"line":163,"column":8},"end":{"line":163,"column":20}},"42":{"start":{"line":167,"column":4},"end":{"line":173,"column":5}},"43":{"start":{"line":168,"column":8},"end":{"line":168,"column":52}},"44":{"start":{"line":169,"column":35},"end":{"line":169,"column":70}},"45":{"start":{"line":170,"column":8},"end":{"line":170,"column":52}},"46":{"start":{"line":172,"column":8},"end":{"line":172,"column":20}},"47":{"start":{"line":176,"column":4},"end":{"line":198,"column":5}},"48":{"start":{"line":177,"column":8},"end":{"line":177,"column":42}},"49":{"start":{"line":178,"column":22},"end":{"line":194,"column":10}},"50":{"start":{"line":195,"column":8},"end":{"line":195,"column":44}},"51":{"start":{"line":197,"column":8},"end":{"line":197,"column":20}},"52":{"start":{"line":201,"column":4},"end":{"line":207,"column":5}},"53":{"start":{"line":202,"column":8},"end":{"line":202,"column":45}},"54":{"start":{"line":203,"column":21},"end":{"line":203,"column":41}},"55":{"start":{"line":204,"column":8},"end":{"line":204,"column":46}},"56":{"start":{"line":206,"column":8},"end":{"line":206,"column":20}},"57":{"start":{"line":210,"column":4},"end":{"line":219,"column":5}},"58":{"start":{"line":211,"column":8},"end":{"line":211,"column":52}},"59":{"start":{"line":212,"column":8},"end":{"line":212,"column":74}},"60":{"start":{"line":213,"column":8},"end":{"line":213,"column":95}},"61":{"start":{"line":214,"column":8},"end":{"line":214,"column":74}},"62":{"start":{"line":215,"column":8},"end":{"line":215,"column":87}},"63":{"start":{"line":216,"column":8},"end":{"line":216,"column":83}},"64":{"start":{"line":218,"column":8},"end":{"line":218,"column":20}},"65":{"start":{"line":222,"column":4},"end":{"line":250,"column":5}},"66":{"start":{"line":223,"column":24},"end":{"line":228,"column":10}},"67":{"start":{"line":229,"column":22},"end":{"line":234,"column":10}},"68":{"start":{"line":235,"column":22},"end":{"line":240,"column":10}},"69":{"start":{"line":241,"column":22},"end":{"line":246,"column":10}},"70":{"start":{"line":247,"column":8},"end":{"line":247,"column":78}},"71":{"start":{"line":249,"column":8},"end":{"line":249,"column":20}},"72":{"start":{"line":253,"column":4},"end":{"line":258,"column":5}},"73":{"start":{"line":254,"column":24},"end":{"line":254,"column":57}},"74":{"start":{"line":255,"column":8},"end":{"line":255,"column":50}},"75":{"start":{"line":257,"column":8},"end":{"line":257,"column":20}},"76":{"start":{"line":261,"column":4},"end":{"line":267,"column":5}},"77":{"start":{"line":263,"column":28},"end":{"line":263,"column":57}},"78":{"start":{"line":264,"column":8},"end":{"line":264,"column":50}},"79":{"start":{"line":266,"column":8},"end":{"line":266,"column":20}},"80":{"start":{"line":270,"column":4},"end":{"line":297,"column":5}},"81":{"start":{"line":271,"column":8},"end":{"line":276,"column":11}},"82":{"start":{"line":277,"column":8},"end":{"line":282,"column":11}},"83":{"start":{"line":283,"column":8},"end":{"line":288,"column":11}},"84":{"start":{"line":289,"column":8},"end":{"line":294,"column":11}},"85":{"start":{"line":296,"column":8},"end":{"line":296,"column":20}},"86":{"start":{"line":300,"column":4},"end":{"line":305,"column":5}},"87":{"start":{"line":301,"column":24},"end":{"line":301,"column":54}},"88":{"start":{"line":302,"column":8},"end":{"line":302,"column":62}},"89":{"start":{"line":304,"column":8},"end":{"line":304,"column":20}},"90":{"start":{"line":308,"column":4},"end":{"line":313,"column":5}},"91":{"start":{"line":309,"column":27},"end":{"line":309,"column":51}},"92":{"start":{"line":310,"column":8},"end":{"line":310,"column":52}},"93":{"start":{"line":312,"column":8},"end":{"line":312,"column":20}},"94":{"start":{"line":316,"column":4},"end":{"line":321,"column":5}},"95":{"start":{"line":317,"column":24},"end":{"line":317,"column":47}},"96":{"start":{"line":318,"column":8},"end":{"line":318,"column":56}},"97":{"start":{"line":320,"column":8},"end":{"line":320,"column":20}},"98":{"start":{"line":324,"column":4},"end":{"line":329,"column":5}},"99":{"start":{"line":325,"column":25},"end":{"line":325,"column":65}},"100":{"start":{"line":326,"column":8},"end":{"line":326,"column":74}},"101":{"start":{"line":328,"column":8},"end":{"line":328,"column":20}},"102":{"start":{"line":332,"column":4},"end":{"line":354,"column":5}},"103":{"start":{"line":333,"column":29},"end":{"line":338,"column":10}},"104":{"start":{"line":339,"column":29},"end":{"line":344,"column":10}},"105":{"start":{"line":345,"column":29},"end":{"line":350,"column":10}},"106":{"start":{"line":351,"column":8},"end":{"line":351,"column":85}},"107":{"start":{"line":353,"column":8},"end":{"line":353,"column":20}},"108":{"start":{"line":364,"column":0},"end":{"line":364,"column":26}}},"fnMap":{"0":{"name":"seed","decl":{"start":{"line":30,"column":15},"end":{"line":30,"column":19}},"loc":{"start":{"line":30,"column":22},"end":{"line":53,"column":1}},"line":30},"1":{"name":"createNewUsers","decl":{"start":{"line":54,"column":15},"end":{"line":54,"column":29}},"loc":{"start":{"line":54,"column":32},"end":{"line":132,"column":1}},"line":54},"2":{"name":"gettingAllUsers","decl":{"start":{"line":133,"column":15},"end":{"line":133,"column":30}},"loc":{"start":{"line":133,"column":33},"end":{"line":141,"column":1}},"line":133},"3":{"name":"seedingProductObject","decl":{"start":{"line":142,"column":15},"end":{"line":142,"column":35}},"loc":{"start":{"line":142,"column":38},"end":{"line":165,"column":1}},"line":142},"4":{"name":"(anonymous_4)","decl":{"start":{"line":146,"column":46},"end":{"line":146,"column":47}},"loc":{"start":{"line":150,"column":10},"end":{"line":161,"column":9}},"line":150},"5":{"name":"gettingProductsByQuery","decl":{"start":{"line":166,"column":15},"end":{"line":166,"column":37}},"loc":{"start":{"line":166,"column":40},"end":{"line":174,"column":1}},"line":166},"6":{"name":"updatingUsers","decl":{"start":{"line":175,"column":15},"end":{"line":175,"column":28}},"loc":{"start":{"line":175,"column":31},"end":{"line":199,"column":1}},"line":175},"7":{"name":"gettingUserById","decl":{"start":{"line":200,"column":15},"end":{"line":200,"column":30}},"loc":{"start":{"line":200,"column":33},"end":{"line":208,"column":1}},"line":200},"8":{"name":"gettingCategoryIdsByName","decl":{"start":{"line":209,"column":15},"end":{"line":209,"column":39}},"loc":{"start":{"line":209,"column":42},"end":{"line":220,"column":1}},"line":209},"9":{"name":"addingOneCart","decl":{"start":{"line":221,"column":15},"end":{"line":221,"column":28}},"loc":{"start":{"line":221,"column":31},"end":{"line":251,"column":1}},"line":221},"10":{"name":"gettingNonActiveCartAdmin","decl":{"start":{"line":252,"column":15},"end":{"line":252,"column":40}},"loc":{"start":{"line":252,"column":43},"end":{"line":259,"column":1}},"line":252},"11":{"name":"gettingNonActiveCart","decl":{"start":{"line":260,"column":15},"end":{"line":260,"column":35}},"loc":{"start":{"line":260,"column":38},"end":{"line":268,"column":1}},"line":260},"12":{"name":"seedingInitialReviews","decl":{"start":{"line":269,"column":15},"end":{"line":269,"column":36}},"loc":{"start":{"line":269,"column":39},"end":{"line":298,"column":1}},"line":269},"13":{"name":"gettingSeedReviewsByProduct","decl":{"start":{"line":299,"column":15},"end":{"line":299,"column":42}},"loc":{"start":{"line":299,"column":45},"end":{"line":306,"column":1}},"line":299},"14":{"name":"gettingAllCategories","decl":{"start":{"line":307,"column":15},"end":{"line":307,"column":35}},"loc":{"start":{"line":307,"column":38},"end":{"line":314,"column":1}},"line":307},"15":{"name":"gettingProductById","decl":{"start":{"line":315,"column":15},"end":{"line":315,"column":33}},"loc":{"start":{"line":315,"column":36},"end":{"line":322,"column":1}},"line":315},"16":{"name":"gettingProductsByCategory","decl":{"start":{"line":323,"column":15},"end":{"line":323,"column":40}},"loc":{"start":{"line":323,"column":43},"end":{"line":330,"column":1}},"line":323},"17":{"name":"makingProductCart","decl":{"start":{"line":331,"column":15},"end":{"line":331,"column":32}},"loc":{"start":{"line":331,"column":35},"end":{"line":355,"column":1}},"line":331}},"branchMap":{"0":{"loc":{"start":{"line":147,"column":57},"end":{"line":147,"column":78}},"type":"default-arg","locations":[{"start":{"line":147,"column":73},"end":{"line":147,"column":78}}],"line":147}},"s":{"0":1,"1":1,"2":1,"3":1,"4":1,"5":0,"6":0,"7":0,"8":0,"9":0,"10":0,"11":0,"12":0,"13":0,"14":0,"15":0,"16":0,"17":0,"18":0,"19":0,"20":0,"21":0,"22":0,"23":0,"24":0,"25":0,"26":0,"27":0,"28":0,"29":0,"30":0,"31":0,"32":0,"33":0,"34":0,"35":0,"36":0,"37":0,"38":0,"39":0,"40":0,"41":0,"42":0,"43":0,"44":0,"45":0,"46":0,"47":0,"48":0,"49":0,"50":0,"51":0,"52":0,"53":0,"54":0,"55":0,"56":0,"57":0,"58":0,"59":0,"60":0,"61":0,"62":0,"63":0,"64":0,"65":0,"66":0,"67":0,"68":0,"69":0,"70":0,"71":0,"72":0,"73":0,"74":0,"75":0,"76":0,"77":0,"78":0,"79":0,"80":0,"81":0,"82":0,"83":0,"84":0,"85":0,"86":0,"87":0,"88":0,"89":0,"90":0,"91":0,"92":0,"93":0,"94":0,"95":0,"96":0,"97":0,"98":0,"99":0,"100":0,"101":0,"102":0,"103":0,"104":0,"105":0,"106":0,"107":0,"108":1},"f":{"0":0,"1":0,"2":0,"3":0,"4":0,"5":0,"6":0,"7":0,"8":0,"9":0,"10":0,"11":0,"12":0,"13":0,"14":0,"15":0,"16":0,"17":0},"b":{"0":[0]},"_coverageSchema":"1a1c01bbd47fc00a2c39e90264f33305004495a9","hash":"a6c54e5c2ba48dfa3be9a92001bee9b20c32bc3a"}
,"/Users/nico/github/FullstackAcademy/project_19/pandemicprep2/db/singletables/cart.js": {"path":"/Users/nico/github/FullstackAcademy/project_19/pandemicprep2/db/singletables/cart.js","statementMap":{"0":{"start":{"line":3,"column":19},"end":{"line":3,"column":39}},"1":{"start":{"line":4,"column":16},"end":{"line":4,"column":35}},"2":{"start":{"line":5,"column":14},"end":{"line":5,"column":16}},"3":{"start":{"line":13,"column":1},"end":{"line":29,"column":19}},"4":{"start":{"line":16,"column":6},"end":{"line":23,"column":3}},"5":{"start":{"line":24,"column":2},"end":{"line":24,"column":44}},"6":{"start":{"line":26,"column":2},"end":{"line":26,"column":21}},"7":{"start":{"line":28,"column":2},"end":{"line":28,"column":17}},"8":{"start":{"line":37,"column":1},"end":{"line":49,"column":2}},"9":{"start":{"line":38,"column":19},"end":{"line":44,"column":3}},"10":{"start":{"line":46,"column":2},"end":{"line":46,"column":14}},"11":{"start":{"line":48,"column":2},"end":{"line":48,"column":14}},"12":{"start":{"line":56,"column":1},"end":{"line":66,"column":2}},"13":{"start":{"line":57,"column":19},"end":{"line":62,"column":3}},"14":{"start":{"line":63,"column":2},"end":{"line":63,"column":14}},"15":{"start":{"line":65,"column":2},"end":{"line":65,"column":14}},"16":{"start":{"line":73,"column":1},"end":{"line":105,"column":2}},"17":{"start":{"line":74,"column":17},"end":{"line":74,"column":41}},"18":{"start":{"line":76,"column":23},"end":{"line":81,"column":3}},"19":{"start":{"line":83,"column":26},"end":{"line":90,"column":3}},"20":{"start":{"line":92,"column":2},"end":{"line":99,"column":5}},"21":{"start":{"line":93,"column":3},"end":{"line":93,"column":39}},"22":{"start":{"line":94,"column":17},"end":{"line":94,"column":57}},"23":{"start":{"line":95,"column":3},"end":{"line":95,"column":22}},"24":{"start":{"line":96,"column":16},"end":{"line":96,"column":46}},"25":{"start":{"line":97,"column":3},"end":{"line":97,"column":20}},"26":{"start":{"line":98,"column":3},"end":{"line":98,"column":22}},"27":{"start":{"line":101,"column":20},"end":{"line":101,"column":47}},"28":{"start":{"line":102,"column":2},"end":{"line":102,"column":28}},"29":{"start":{"line":104,"column":2},"end":{"line":104,"column":14}},"30":{"start":{"line":110,"column":1},"end":{"line":127,"column":2}},"31":{"start":{"line":113,"column":6},"end":{"line":119,"column":3}},"32":{"start":{"line":120,"column":2},"end":{"line":124,"column":3}},"33":{"start":{"line":121,"column":3},"end":{"line":121,"column":15}},"34":{"start":{"line":123,"column":3},"end":{"line":123,"column":44}},"35":{"start":{"line":126,"column":2},"end":{"line":126,"column":14}},"36":{"start":{"line":135,"column":1},"end":{"line":148,"column":2}},"37":{"start":{"line":136,"column":21},"end":{"line":136,"column":53}},"38":{"start":{"line":138,"column":16},"end":{"line":138,"column":68}},"39":{"start":{"line":140,"column":2},"end":{"line":140,"column":50}},"40":{"start":{"line":141,"column":2},"end":{"line":141,"column":27}},"41":{"start":{"line":143,"column":2},"end":{"line":145,"column":3}},"42":{"start":{"line":144,"column":3},"end":{"line":144,"column":21}},"43":{"start":{"line":147,"column":2},"end":{"line":147,"column":14}},"44":{"start":{"line":152,"column":1},"end":{"line":168,"column":2}},"45":{"start":{"line":155,"column":6},"end":{"line":161,"column":3}},"46":{"start":{"line":163,"column":2},"end":{"line":165,"column":3}},"47":{"start":{"line":164,"column":3},"end":{"line":164,"column":21}},"48":{"start":{"line":167,"column":2},"end":{"line":167,"column":14}},"49":{"start":{"line":177,"column":1},"end":{"line":214,"column":2}},"50":{"start":{"line":178,"column":20},"end":{"line":178,"column":40}},"51":{"start":{"line":179,"column":2},"end":{"line":186,"column":4}},"52":{"start":{"line":187,"column":15},"end":{"line":187,"column":42}},"53":{"start":{"line":189,"column":14},"end":{"line":189,"column":15}},"54":{"start":{"line":190,"column":21},"end":{"line":190,"column":22}},"55":{"start":{"line":191,"column":2},"end":{"line":194,"column":5}},"56":{"start":{"line":192,"column":3},"end":{"line":192,"column":34}},"57":{"start":{"line":193,"column":3},"end":{"line":193,"column":47}},"58":{"start":{"line":196,"column":2},"end":{"line":205,"column":4}},"59":{"start":{"line":207,"column":2},"end":{"line":207,"column":28}},"60":{"start":{"line":209,"column":18},"end":{"line":209,"column":45}},"61":{"start":{"line":211,"column":2},"end":{"line":211,"column":17}},"62":{"start":{"line":213,"column":2},"end":{"line":213,"column":14}},"63":{"start":{"line":222,"column":1},"end":{"line":244,"column":2}},"64":{"start":{"line":223,"column":26},"end":{"line":232,"column":3}},"65":{"start":{"line":233,"column":2},"end":{"line":241,"column":3}},"66":{"start":{"line":234,"column":3},"end":{"line":237,"column":6}},"67":{"start":{"line":235,"column":4},"end":{"line":235,"column":48}},"68":{"start":{"line":236,"column":4},"end":{"line":236,"column":48}},"69":{"start":{"line":238,"column":3},"end":{"line":238,"column":16}},"70":{"start":{"line":240,"column":3},"end":{"line":240,"column":13}},"71":{"start":{"line":243,"column":2},"end":{"line":243,"column":14}},"72":{"start":{"line":251,"column":1},"end":{"line":262,"column":2}},"73":{"start":{"line":252,"column":19},"end":{"line":254,"column":14}},"74":{"start":{"line":255,"column":2},"end":{"line":258,"column":5}},"75":{"start":{"line":256,"column":3},"end":{"line":256,"column":47}},"76":{"start":{"line":257,"column":3},"end":{"line":257,"column":47}},"77":{"start":{"line":259,"column":2},"end":{"line":259,"column":14}},"78":{"start":{"line":261,"column":2},"end":{"line":261,"column":14}},"79":{"start":{"line":270,"column":1},"end":{"line":311,"column":2}},"80":{"start":{"line":271,"column":18},"end":{"line":278,"column":3}},"81":{"start":{"line":280,"column":15},"end":{"line":280,"column":42}},"82":{"start":{"line":282,"column":14},"end":{"line":282,"column":15}},"83":{"start":{"line":283,"column":21},"end":{"line":283,"column":22}},"84":{"start":{"line":284,"column":2},"end":{"line":287,"column":5}},"85":{"start":{"line":285,"column":3},"end":{"line":285,"column":34}},"86":{"start":{"line":286,"column":3},"end":{"line":286,"column":47}},"87":{"start":{"line":289,"column":35},"end":{"line":298,"column":3}},"88":{"start":{"line":300,"column":2},"end":{"line":300,"column":28}},"89":{"start":{"line":302,"column":18},"end":{"line":302,"column":45}},"90":{"start":{"line":304,"column":2},"end":{"line":308,"column":3}},"91":{"start":{"line":305,"column":3},"end":{"line":305,"column":18}},"92":{"start":{"line":307,"column":3},"end":{"line":307,"column":13}},"93":{"start":{"line":310,"column":2},"end":{"line":310,"column":14}},"94":{"start":{"line":321,"column":19},"end":{"line":321,"column":39}},"95":{"start":{"line":323,"column":1},"end":{"line":362,"column":2}},"96":{"start":{"line":324,"column":2},"end":{"line":333,"column":4}},"97":{"start":{"line":335,"column":15},"end":{"line":335,"column":42}},"98":{"start":{"line":337,"column":14},"end":{"line":337,"column":15}},"99":{"start":{"line":338,"column":21},"end":{"line":338,"column":22}},"100":{"start":{"line":339,"column":2},"end":{"line":342,"column":5}},"101":{"start":{"line":340,"column":3},"end":{"line":340,"column":34}},"102":{"start":{"line":341,"column":3},"end":{"line":341,"column":47}},"103":{"start":{"line":344,"column":2},"end":{"line":353,"column":4}},"104":{"start":{"line":355,"column":2},"end":{"line":355,"column":29}},"105":{"start":{"line":357,"column":18},"end":{"line":357,"column":45}},"106":{"start":{"line":359,"column":2},"end":{"line":359,"column":17}},"107":{"start":{"line":361,"column":2},"end":{"line":361,"column":14}},"108":{"start":{"line":367,"column":1},"end":{"line":384,"column":2}},"109":{"start":{"line":368,"column":2},"end":{"line":375,"column":4}},"110":{"start":{"line":377,"column":2},"end":{"line":377,"column":28}},"111":{"start":{"line":379,"column":18},"end":{"line":379,"column":65}},"112":{"start":{"line":381,"column":2},"end":{"line":381,"column":17}},"113":{"start":{"line":383,"column":2},"end":{"line":383,"column":14}},"114":{"start":{"line":389,"column":1},"end":{"line":407,"column":2}},"115":{"start":{"line":392,"column":6},"end":{"line":400,"column":3}},"116":{"start":{"line":402,"column":2},"end":{"line":402,"column":28}},"117":{"start":{"line":404,"column":2},"end":{"line":404,"column":24}},"118":{"start":{"line":406,"column":2},"end":{"line":406,"column":14}},"119":{"start":{"line":412,"column":1},"end":{"line":445,"column":2}},"120":{"start":{"line":413,"column":17},"end":{"line":413,"column":41}},"121":{"start":{"line":415,"column":23},"end":{"line":421,"column":3}},"122":{"start":{"line":423,"column":26},"end":{"line":430,"column":3}},"123":{"start":{"line":432,"column":2},"end":{"line":439,"column":5}},"124":{"start":{"line":433,"column":3},"end":{"line":433,"column":39}},"125":{"start":{"line":434,"column":17},"end":{"line":434,"column":57}},"126":{"start":{"line":435,"column":3},"end":{"line":435,"column":22}},"127":{"start":{"line":436,"column":16},"end":{"line":436,"column":46}},"128":{"start":{"line":437,"column":3},"end":{"line":437,"column":20}},"129":{"start":{"line":438,"column":3},"end":{"line":438,"column":22}},"130":{"start":{"line":441,"column":20},"end":{"line":441,"column":47}},"131":{"start":{"line":442,"column":2},"end":{"line":442,"column":28}},"132":{"start":{"line":444,"column":2},"end":{"line":444,"column":14}},"133":{"start":{"line":450,"column":1},"end":{"line":480,"column":2}},"134":{"start":{"line":451,"column":17},"end":{"line":451,"column":41}},"135":{"start":{"line":453,"column":23},"end":{"line":457,"column":3}},"136":{"start":{"line":459,"column":26},"end":{"line":465,"column":3}},"137":{"start":{"line":467,"column":2},"end":{"line":474,"column":5}},"138":{"start":{"line":468,"column":3},"end":{"line":468,"column":39}},"139":{"start":{"line":469,"column":17},"end":{"line":469,"column":57}},"140":{"start":{"line":470,"column":3},"end":{"line":470,"column":22}},"141":{"start":{"line":471,"column":16},"end":{"line":471,"column":46}},"142":{"start":{"line":472,"column":3},"end":{"line":472,"column":20}},"143":{"start":{"line":473,"column":3},"end":{"line":473,"column":22}},"144":{"start":{"line":476,"column":20},"end":{"line":476,"column":47}},"145":{"start":{"line":477,"column":2},"end":{"line":477,"column":28}},"146":{"start":{"line":479,"column":2},"end":{"line":479,"column":14}},"147":{"start":{"line":484,"column":1},"end":{"line":495,"column":2}},"148":{"start":{"line":485,"column":2},"end":{"line":492,"column":4}},"149":{"start":{"line":494,"column":2},"end":{"line":494,"column":14}},"150":{"start":{"line":499,"column":17},"end":{"line":499,"column":27}},"151":{"start":{"line":500,"column":12},"end":{"line":500,"column":92}},"152":{"start":{"line":502,"column":2},"end":{"line":506,"column":81}},"153":{"start":{"line":508,"column":1},"end":{"line":508,"column":23}},"154":{"start":{"line":512,"column":1},"end":{"line":527,"column":2}},"155":{"start":{"line":513,"column":19},"end":{"line":522,"column":4}},"156":{"start":{"line":523,"column":2},"end":{"line":523,"column":34}},"157":{"start":{"line":524,"column":2},"end":{"line":524,"column":14}},"158":{"start":{"line":526,"column":2},"end":{"line":526,"column":14}},"159":{"start":{"line":530,"column":0},"end":{"line":546,"column":2}}},"fnMap":{"0":{"name":"addCart","decl":{"start":{"line":11,"column":15},"end":{"line":11,"column":22}},"loc":{"start":{"line":11,"column":50},"end":{"line":30,"column":1}},"line":11},"1":{"name":"getCartHistoryStatus","decl":{"start":{"line":36,"column":15},"end":{"line":36,"column":35}},"loc":{"start":{"line":36,"column":40},"end":{"line":50,"column":1}},"line":36},"2":{"name":"getCartHistoryStatusAdmin","decl":{"start":{"line":55,"column":15},"end":{"line":55,"column":40}},"loc":{"start":{"line":55,"column":43},"end":{"line":67,"column":1}},"line":55},"3":{"name":"getProcessingCarts","decl":{"start":{"line":72,"column":15},"end":{"line":72,"column":33}},"loc":{"start":{"line":72,"column":50},"end":{"line":106,"column":1}},"line":72},"4":{"name":"(anonymous_4)","decl":{"start":{"line":92,"column":33},"end":{"line":92,"column":34}},"loc":{"start":{"line":92,"column":70},"end":{"line":99,"column":3}},"line":92},"5":{"name":"getUserById","decl":{"start":{"line":109,"column":15},"end":{"line":109,"column":26}},"loc":{"start":{"line":109,"column":31},"end":{"line":128,"column":1}},"line":109},"6":{"name":"getActiveCart","decl":{"start":{"line":134,"column":15},"end":{"line":134,"column":28}},"loc":{"start":{"line":134,"column":37},"end":{"line":149,"column":1}},"line":134},"7":{"name":"getActiveCartAlone","decl":{"start":{"line":151,"column":15},"end":{"line":151,"column":33}},"loc":{"start":{"line":151,"column":42},"end":{"line":169,"column":1}},"line":151},"8":{"name":"addProductToCart","decl":{"start":{"line":175,"column":15},"end":{"line":175,"column":31}},"loc":{"start":{"line":175,"column":84},"end":{"line":215,"column":1}},"line":175},"9":{"name":"(anonymous_9)","decl":{"start":{"line":191,"column":17},"end":{"line":191,"column":18}},"loc":{"start":{"line":191,"column":27},"end":{"line":194,"column":3}},"line":191},"10":{"name":"getProductsCartForACartId","decl":{"start":{"line":221,"column":15},"end":{"line":221,"column":40}},"loc":{"start":{"line":221,"column":45},"end":{"line":245,"column":1}},"line":221},"11":{"name":"(anonymous_11)","decl":{"start":{"line":234,"column":17},"end":{"line":234,"column":18}},"loc":{"start":{"line":234,"column":27},"end":{"line":237,"column":4}},"line":234},"12":{"name":"getAllProductsCart","decl":{"start":{"line":250,"column":15},"end":{"line":250,"column":33}},"loc":{"start":{"line":250,"column":36},"end":{"line":263,"column":1}},"line":250},"13":{"name":"(anonymous_13)","decl":{"start":{"line":255,"column":15},"end":{"line":255,"column":16}},"loc":{"start":{"line":255,"column":25},"end":{"line":258,"column":3}},"line":255},"14":{"name":"removeProductFromCart","decl":{"start":{"line":269,"column":15},"end":{"line":269,"column":36}},"loc":{"start":{"line":269,"column":75},"end":{"line":312,"column":1}},"line":269},"15":{"name":"(anonymous_15)","decl":{"start":{"line":284,"column":21},"end":{"line":284,"column":22}},"loc":{"start":{"line":284,"column":31},"end":{"line":287,"column":3}},"line":284},"16":{"name":"updateProductQuantity","decl":{"start":{"line":320,"column":15},"end":{"line":320,"column":36}},"loc":{"start":{"line":320,"column":79},"end":{"line":363,"column":1}},"line":320},"17":{"name":"(anonymous_17)","decl":{"start":{"line":339,"column":17},"end":{"line":339,"column":18}},"loc":{"start":{"line":339,"column":27},"end":{"line":342,"column":3}},"line":339},"18":{"name":"deactivateCart","decl":{"start":{"line":366,"column":15},"end":{"line":366,"column":29}},"loc":{"start":{"line":366,"column":50},"end":{"line":385,"column":1}},"line":366},"19":{"name":"completeCart","decl":{"start":{"line":388,"column":15},"end":{"line":388,"column":27}},"loc":{"start":{"line":388,"column":36},"end":{"line":408,"column":1}},"line":388},"20":{"name":"getUserOrderHistory","decl":{"start":{"line":411,"column":15},"end":{"line":411,"column":34}},"loc":{"start":{"line":411,"column":59},"end":{"line":446,"column":1}},"line":411},"21":{"name":"(anonymous_21)","decl":{"start":{"line":432,"column":33},"end":{"line":432,"column":34}},"loc":{"start":{"line":432,"column":70},"end":{"line":439,"column":3}},"line":432},"22":{"name":"getOrderHistory","decl":{"start":{"line":449,"column":15},"end":{"line":449,"column":30}},"loc":{"start":{"line":449,"column":47},"end":{"line":481,"column":1}},"line":449},"23":{"name":"(anonymous_23)","decl":{"start":{"line":467,"column":33},"end":{"line":467,"column":34}},"loc":{"start":{"line":467,"column":70},"end":{"line":474,"column":3}},"line":467},"24":{"name":"lastUpdated","decl":{"start":{"line":483,"column":15},"end":{"line":483,"column":26}},"loc":{"start":{"line":483,"column":35},"end":{"line":496,"column":1}},"line":483},"25":{"name":"getDate","decl":{"start":{"line":498,"column":9},"end":{"line":498,"column":16}},"loc":{"start":{"line":498,"column":19},"end":{"line":509,"column":1}},"line":498},"26":{"name":"getSalesReport","decl":{"start":{"line":511,"column":15},"end":{"line":511,"column":29}},"loc":{"start":{"line":511,"column":32},"end":{"line":528,"column":1}},"line":511}},"branchMap":{"0":{"loc":{"start":{"line":72,"column":34},"end":{"line":72,"column":48}},"type":"default-arg","locations":[{"start":{"line":72,"column":47},"end":{"line":72,"column":48}}],"line":72},"1":{"loc":{"start":{"line":120,"column":2},"end":{"line":124,"column":3}},"type":"if","locations":[{"start":{"line":120,"column":2},"end":{"line":124,"column":3}},{"start":{"line":120,"column":2},"end":{"line":124,"column":3}}],"line":120},"2":{"loc":{"start":{"line":143,"column":2},"end":{"line":145,"column":3}},"type":"if","locations":[{"start":{"line":143,"column":2},"end":{"line":145,"column":3}},{"start":{"line":143,"column":2},"end":{"line":145,"column":3}}],"line":143},"3":{"loc":{"start":{"line":163,"column":2},"end":{"line":165,"column":3}},"type":"if","locations":[{"start":{"line":163,"column":2},"end":{"line":165,"column":3}},{"start":{"line":163,"column":2},"end":{"line":165,"column":3}}],"line":163},"4":{"loc":{"start":{"line":233,"column":2},"end":{"line":241,"column":3}},"type":"if","locations":[{"start":{"line":233,"column":2},"end":{"line":241,"column":3}},{"start":{"line":233,"column":2},"end":{"line":241,"column":3}}],"line":233},"5":{"loc":{"start":{"line":304,"column":2},"end":{"line":308,"column":3}},"type":"if","locations":[{"start":{"line":304,"column":2},"end":{"line":308,"column":3}},{"start":{"line":304,"column":2},"end":{"line":308,"column":3}}],"line":304},"6":{"loc":{"start":{"line":411,"column":43},"end":{"line":411,"column":57}},"type":"default-arg","locations":[{"start":{"line":411,"column":56},"end":{"line":411,"column":57}}],"line":411},"7":{"loc":{"start":{"line":449,"column":31},"end":{"line":449,"column":45}},"type":"default-arg","locations":[{"start":{"line":449,"column":44},"end":{"line":449,"column":45}}],"line":449},"8":{"loc":{"start":{"line":502,"column":3},"end":{"line":502,"column":74}},"type":"cond-expr","locations":[{"start":{"line":502,"column":29},"end":{"line":502,"column":53}},{"start":{"line":502,"column":56},"end":{"line":502,"column":74}}],"line":502},"9":{"loc":{"start":{"line":504,"column":3},"end":{"line":504,"column":80}},"type":"cond-expr","locations":[{"start":{"line":504,"column":31},"end":{"line":504,"column":57}},{"start":{"line":504,"column":60},"end":{"line":504,"column":80}}],"line":504},"10":{"loc":{"start":{"line":506,"column":3},"end":{"line":506,"column":80}},"type":"cond-expr","locations":[{"start":{"line":506,"column":31},"end":{"line":506,"column":57}},{"start":{"line":506,"column":60},"end":{"line":506,"column":80}}],"line":506}},"s":{"0":1,"1":1,"2":1,"3":1,"4":1,"5":0,"6":0,"7":0,"8":0,"9":0,"10":0,"11":0,"12":0,"13":0,"14":0,"15":0,"16":0,"17":0,"18":0,"19":0,"20":0,"21":0,"22":0,"23":0,"24":0,"25":0,"26":0,"27":0,"28":0,"29":0,"30":0,"31":0,"32":0,"33":0,"34":0,"35":0,"36":0,"37":0,"38":0,"39":0,"40":0,"41":0,"42":0,"43":0,"44":0,"45":0,"46":0,"47":0,"48":0,"49":0,"50":0,"51":0,"52":0,"53":0,"54":0,"55":0,"56":0,"57":0,"58":0,"59":0,"60":0,"61":0,"62":0,"63":0,"64":0,"65":0,"66":0,"67":0,"68":0,"69":0,"70":0,"71":0,"72":0,"73":0,"74":0,"75":0,"76":0,"77":0,"78":0,"79":0,"80":0,"81":0,"82":0,"83":0,"84":0,"85":0,"86":0,"87":0,"88":0,"89":0,"90":0,"91":0,"92":0,"93":0,"94":0,"95":0,"96":0,"97":0,"98":0,"99":0,"100":0,"101":0,"102":0,"103":0,"104":0,"105":0,"106":0,"107":0,"108":0,"109":0,"110":0,"111":0,"112":0,"113":0,"114":0,"115":0,"116":0,"117":0,"118":0,"119":0,"120":0,"121":0,"122":0,"123":0,"124":0,"125":0,"126":0,"127":0,"128":0,"129":0,"130":0,"131":0,"132":0,"133":0,"134":0,"135":0,"136":0,"137":0,"138":0,"139":0,"140":0,"141":0,"142":0,"143":0,"144":0,"145":0,"146":0,"147":0,"148":0,"149":0,"150":2,"151":2,"152":2,"153":2,"154":0,"155":0,"156":0,"157":0,"158":0,"159":1},"f":{"0":1,"1":0,"2":0,"3":0,"4":0,"5":0,"6":0,"7":0,"8":0,"9":0,"10":0,"11":0,"12":0,"13":0,"14":0,"15":0,"16":0,"17":0,"18":0,"19":0,"20":0,"21":0,"22":0,"23":0,"24":0,"25":2,"26":0},"b":{"0":[0],"1":[0,0],"2":[0,0],"3":[0,0],"4":[0,0],"5":[0,0],"6":[0],"7":[0],"8":[0,2],"9":[0,2],"10":[0,2]},"_coverageSchema":"1a1c01bbd47fc00a2c39e90264f33305004495a9","hash":"e37e15f55452e65cbe35827e10dd91d3bc51c023"}
,"/Users/nico/github/FullstackAcademy/project_19/pandemicprep2/db/singletables/categories.js": {"path":"/Users/nico/github/FullstackAcademy/project_19/pandemicprep2/db/singletables/categories.js","statementMap":{"0":{"start":{"line":1,"column":19},"end":{"line":1,"column":39}},"1":{"start":{"line":8,"column":4},"end":{"line":46,"column":5}},"2":{"start":{"line":9,"column":8},"end":{"line":43,"column":9}},"3":{"start":{"line":10,"column":12},"end":{"line":40,"column":13}},"4":{"start":{"line":13,"column":20},"end":{"line":20,"column":17}},"5":{"start":{"line":22,"column":16},"end":{"line":37,"column":17}},"6":{"start":{"line":24,"column":20},"end":{"line":24,"column":36}},"7":{"start":{"line":26,"column":49},"end":{"line":31,"column":22}},"8":{"start":{"line":32,"column":20},"end":{"line":36,"column":21}},"9":{"start":{"line":33,"column":24},"end":{"line":33,"column":43}},"10":{"start":{"line":35,"column":24},"end":{"line":35,"column":37}},"11":{"start":{"line":39,"column":16},"end":{"line":39,"column":29}},"12":{"start":{"line":42,"column":12},"end":{"line":42,"column":25}},"13":{"start":{"line":45,"column":8},"end":{"line":45,"column":20}},"14":{"start":{"line":55,"column":4},"end":{"line":66,"column":5}},"15":{"start":{"line":58,"column":12},"end":{"line":61,"column":18}},"16":{"start":{"line":63,"column":8},"end":{"line":63,"column":24}},"17":{"start":{"line":65,"column":8},"end":{"line":65,"column":20}},"18":{"start":{"line":73,"column":4},"end":{"line":83,"column":5}},"19":{"start":{"line":76,"column":12},"end":{"line":78,"column":10}},"20":{"start":{"line":80,"column":8},"end":{"line":80,"column":20}},"21":{"start":{"line":82,"column":8},"end":{"line":82,"column":20}},"22":{"start":{"line":86,"column":0},"end":{"line":86,"column":75}}},"fnMap":{"0":{"name":"categoryIdByName","decl":{"start":{"line":7,"column":15},"end":{"line":7,"column":31}},"loc":{"start":{"line":7,"column":38},"end":{"line":47,"column":1}},"line":7},"1":{"name":"getCategoryByName","decl":{"start":{"line":54,"column":15},"end":{"line":54,"column":32}},"loc":{"start":{"line":54,"column":39},"end":{"line":67,"column":1}},"line":54},"2":{"name":"getAllCategories","decl":{"start":{"line":72,"column":15},"end":{"line":72,"column":31}},"loc":{"start":{"line":72,"column":34},"end":{"line":84,"column":1}},"line":72}},"branchMap":{"0":{"loc":{"start":{"line":9,"column":8},"end":{"line":43,"column":9}},"type":"if","locations":[{"start":{"line":9,"column":8},"end":{"line":43,"column":9}},{"start":{"line":9,"column":8},"end":{"line":43,"column":9}}],"line":9},"1":{"loc":{"start":{"line":10,"column":12},"end":{"line":40,"column":13}},"type":"if","locations":[{"start":{"line":10,"column":12},"end":{"line":40,"column":13}},{"start":{"line":10,"column":12},"end":{"line":40,"column":13}}],"line":10},"2":{"loc":{"start":{"line":22,"column":16},"end":{"line":37,"column":17}},"type":"if","locations":[{"start":{"line":22,"column":16},"end":{"line":37,"column":17}},{"start":{"line":22,"column":16},"end":{"line":37,"column":17}}],"line":22},"3":{"loc":{"start":{"line":32,"column":20},"end":{"line":36,"column":21}},"type":"if","locations":[{"start":{"line":32,"column":20},"end":{"line":36,"column":21}},{"start":{"line":32,"column":20},"end":{"line":36,"column":21}}],"line":32}},"s":{"0":1,"1":0,"2":0,"3":0,"4":0,"5":0,"6":0,"7":0,"8":0,"9":0,"10":0,"11":0,"12":0,"13":0,"14":0,"15":0,"16":0,"17":0,"18":0,"19":0,"20":0,"21":0,"22":1},"f":{"0":0,"1":0,"2":0},"b":{"0":[0,0],"1":[0,0],"2":[0,0],"3":[0,0]},"_coverageSchema":"1a1c01bbd47fc00a2c39e90264f33305004495a9","hash":"35e834f0e3268fd2105f454695775832da53854d"}
,"/Users/nico/github/FullstackAcademy/project_19/pandemicprep2/db/singletables/productObject.js": {"path":"/Users/nico/github/FullstackAcademy/project_19/pandemicprep2/db/singletables/productObject.js","statementMap":{"0":{"start":{"line":5,"column":21},"end":{"line":1777,"column":1}},"1":{"start":{"line":1779,"column":0},"end":{"line":1779,"column":30}}},"fnMap":{},"branchMap":{},"s":{"0":1,"1":1},"f":{},"b":{},"_coverageSchema":"1a1c01bbd47fc00a2c39e90264f33305004495a9","hash":"ada698335d1c268e1e09b22d675c8078802d70f1"}
,"/Users/nico/github/FullstackAcademy/project_19/pandemicprep2/db/singletables/products.js": {"path":"/Users/nico/github/FullstackAcademy/project_19/pandemicprep2/db/singletables/products.js","statementMap":{"0":{"start":{"line":1,"column":19},"end":{"line":1,"column":39}},"1":{"start":{"line":3,"column":16},"end":{"line":3,"column":35}},"2":{"start":{"line":6,"column":14},"end":{"line":6,"column":16}},"3":{"start":{"line":8,"column":61},"end":{"line":8,"column":84}},"4":{"start":{"line":9,"column":21},"end":{"line":9,"column":47}},"5":{"start":{"line":16,"column":20},"end":{"line":16,"column":39}},"6":{"start":{"line":17,"column":16},"end":{"line":17,"column":33}},"7":{"start":{"line":19,"column":1},"end":{"line":32,"column":2}},"8":{"start":{"line":20,"column":21},"end":{"line":20,"column":89}},"9":{"start":{"line":22,"column":2},"end":{"line":26,"column":5}},"10":{"start":{"line":23,"column":22},"end":{"line":23,"column":54}},"11":{"start":{"line":24,"column":22},"end":{"line":24,"column":76}},"12":{"start":{"line":25,"column":3},"end":{"line":25,"column":21}},"13":{"start":{"line":28,"column":2},"end":{"line":28,"column":50}},"14":{"start":{"line":29,"column":2},"end":{"line":29,"column":20}},"15":{"start":{"line":31,"column":2},"end":{"line":31,"column":14}},"16":{"start":{"line":41,"column":1},"end":{"line":62,"column":2}},"17":{"start":{"line":44,"column":6},"end":{"line":53,"column":3}},"18":{"start":{"line":54,"column":2},"end":{"line":59,"column":3}},"19":{"start":{"line":55,"column":3},"end":{"line":55,"column":51}},"20":{"start":{"line":56,"column":3},"end":{"line":56,"column":21}},"21":{"start":{"line":58,"column":3},"end":{"line":58,"column":16}},"22":{"start":{"line":61,"column":2},"end":{"line":61,"column":14}},"23":{"start":{"line":70,"column":1},"end":{"line":93,"column":2}},"24":{"start":{"line":71,"column":17},"end":{"line":71,"column":41}},"25":{"start":{"line":73,"column":23},"end":{"line":75,"column":6}},"26":{"start":{"line":77,"column":19},"end":{"line":80,"column":10}},"27":{"start":{"line":82,"column":20},"end":{"line":82,"column":47}},"28":{"start":{"line":84,"column":23},"end":{"line":88,"column":4}},"29":{"start":{"line":85,"column":3},"end":{"line":85,"column":45}},"30":{"start":{"line":86,"column":22},"end":{"line":86,"column":54}},"31":{"start":{"line":87,"column":3},"end":{"line":87,"column":21}},"32":{"start":{"line":90,"column":2},"end":{"line":90,"column":35}},"33":{"start":{"line":92,"column":2},"end":{"line":92,"column":14}},"34":{"start":{"line":102,"column":1},"end":{"line":145,"column":2}},"35":{"start":{"line":103,"column":17},"end":{"line":103,"column":41}},"36":{"start":{"line":105,"column":2},"end":{"line":107,"column":3}},"37":{"start":{"line":106,"column":3},"end":{"line":106,"column":33}},"38":{"start":{"line":109,"column":23},"end":{"line":114,"column":6}},"39":{"start":{"line":116,"column":19},"end":{"line":122,"column":10}},"40":{"start":{"line":124,"column":22},"end":{"line":127,"column":4}},"41":{"start":{"line":125,"column":26},"end":{"line":125,"column":48}},"42":{"start":{"line":126,"column":3},"end":{"line":126,"column":23}},"43":{"start":{"line":129,"column":24},"end":{"line":135,"column":3}},"44":{"start":{"line":132,"column":4},"end":{"line":132,"column":43}},"45":{"start":{"line":137,"column":2},"end":{"line":139,"column":5}},"46":{"start":{"line":138,"column":3},"end":{"line":138,"column":45}},"47":{"start":{"line":141,"column":20},"end":{"line":141,"column":47}},"48":{"start":{"line":142,"column":2},"end":{"line":142,"column":36}},"49":{"start":{"line":144,"column":2},"end":{"line":144,"column":14}},"50":{"start":{"line":153,"column":1},"end":{"line":160,"column":2}},"51":{"start":{"line":154,"column":19},"end":{"line":156,"column":18}},"52":{"start":{"line":157,"column":2},"end":{"line":157,"column":14}},"53":{"start":{"line":159,"column":2},"end":{"line":159,"column":14}},"54":{"start":{"line":168,"column":1},"end":{"line":209,"column":2}},"55":{"start":{"line":171,"column":6},"end":{"line":177,"column":3}},"56":{"start":{"line":179,"column":31},"end":{"line":187,"column":3}},"57":{"start":{"line":189,"column":24},"end":{"line":192,"column":4}},"58":{"start":{"line":190,"column":23},"end":{"line":190,"column":46}},"59":{"start":{"line":191,"column":3},"end":{"line":191,"column":20}},"60":{"start":{"line":194,"column":2},"end":{"line":194,"column":37}},"61":{"start":{"line":196,"column":28},"end":{"line":202,"column":3}},"62":{"start":{"line":204,"column":2},"end":{"line":204,"column":28}},"63":{"start":{"line":206,"column":2},"end":{"line":206,"column":17}},"64":{"start":{"line":208,"column":2},"end":{"line":208,"column":14}},"65":{"start":{"line":218,"column":1},"end":{"line":261,"column":2}},"66":{"start":{"line":219,"column":17},"end":{"line":219,"column":45}},"67":{"start":{"line":221,"column":23},"end":{"line":230,"column":3}},"68":{"start":{"line":232,"column":31},"end":{"line":242,"column":3}},"69":{"start":{"line":244,"column":22},"end":{"line":247,"column":4}},"70":{"start":{"line":245,"column":26},"end":{"line":245,"column":48}},"71":{"start":{"line":246,"column":3},"end":{"line":246,"column":23}},"72":{"start":{"line":249,"column":24},"end":{"line":255,"column":3}},"73":{"start":{"line":252,"column":4},"end":{"line":252,"column":43}},"74":{"start":{"line":257,"column":20},"end":{"line":257,"column":47}},"75":{"start":{"line":258,"column":2},"end":{"line":258,"column":36}},"76":{"start":{"line":260,"column":2},"end":{"line":260,"column":14}},"77":{"start":{"line":268,"column":1},"end":{"line":290,"column":2}},"78":{"start":{"line":269,"column":19},"end":{"line":272,"column":6}},"79":{"start":{"line":274,"column":22},"end":{"line":277,"column":4}},"80":{"start":{"line":275,"column":26},"end":{"line":275,"column":48}},"81":{"start":{"line":276,"column":3},"end":{"line":276,"column":23}},"82":{"start":{"line":279,"column":24},"end":{"line":285,"column":3}},"83":{"start":{"line":282,"column":4},"end":{"line":282,"column":43}},"84":{"start":{"line":287,"column":2},"end":{"line":287,"column":23}},"85":{"start":{"line":289,"column":2},"end":{"line":289,"column":14}},"86":{"start":{"line":299,"column":19},"end":{"line":301,"column":13}},"87":{"start":{"line":300,"column":23},"end":{"line":300,"column":47}},"88":{"start":{"line":303,"column":1},"end":{"line":305,"column":2}},"89":{"start":{"line":304,"column":2},"end":{"line":304,"column":9}},"90":{"start":{"line":306,"column":1},"end":{"line":322,"column":2}},"91":{"start":{"line":309,"column":6},"end":{"line":317,"column":3}},"92":{"start":{"line":319,"column":2},"end":{"line":319,"column":17}},"93":{"start":{"line":321,"column":2},"end":{"line":321,"column":14}},"94":{"start":{"line":331,"column":1},"end":{"line":352,"column":2}},"95":{"start":{"line":332,"column":2},"end":{"line":349,"column":3}},"96":{"start":{"line":335,"column":7},"end":{"line":341,"column":4}},"97":{"start":{"line":342,"column":3},"end":{"line":346,"column":4}},"98":{"start":{"line":343,"column":4},"end":{"line":343,"column":34}},"99":{"start":{"line":345,"column":4},"end":{"line":345,"column":17}},"100":{"start":{"line":348,"column":3},"end":{"line":348,"column":16}},"101":{"start":{"line":351,"column":2},"end":{"line":351,"column":14}},"102":{"start":{"line":355,"column":0},"end":{"line":366,"column":2}}},"fnMap":{"0":{"name":"addProductAndCategory","decl":{"start":{"line":15,"column":15},"end":{"line":15,"column":36}},"loc":{"start":{"line":15,"column":99},"end":{"line":33,"column":1}},"line":15},"1":{"name":"(anonymous_1)","decl":{"start":{"line":22,"column":38},"end":{"line":22,"column":39}},"loc":{"start":{"line":22,"column":79},"end":{"line":26,"column":3}},"line":22},"2":{"name":"addProduct","decl":{"start":{"line":40,"column":15},"end":{"line":40,"column":25}},"loc":{"start":{"line":40,"column":78},"end":{"line":63,"column":1}},"line":40},"3":{"name":"getAllProducts","decl":{"start":{"line":69,"column":15},"end":{"line":69,"column":29}},"loc":{"start":{"line":69,"column":46},"end":{"line":94,"column":1}},"line":69},"4":{"name":"(anonymous_4)","decl":{"start":{"line":84,"column":53},"end":{"line":84,"column":54}},"loc":{"start":{"line":84,"column":93},"end":{"line":88,"column":3}},"line":84},"5":{"name":"getProductsByQuery","decl":{"start":{"line":101,"column":15},"end":{"line":101,"column":33}},"loc":{"start":{"line":101,"column":53},"end":{"line":146,"column":1}},"line":101},"6":{"name":"(anonymous_6)","decl":{"start":{"line":124,"column":31},"end":{"line":124,"column":32}},"loc":{"start":{"line":124,"column":44},"end":{"line":127,"column":3}},"line":124},"7":{"name":"(anonymous_7)","decl":{"start":{"line":131,"column":3},"end":{"line":131,"column":4}},"loc":{"start":{"line":131,"column":30},"end":{"line":133,"column":4}},"line":131},"8":{"name":"(anonymous_8)","decl":{"start":{"line":137,"column":23},"end":{"line":137,"column":24}},"loc":{"start":{"line":137,"column":36},"end":{"line":139,"column":3}},"line":137},"9":{"name":"getProductsForCartHistory","decl":{"start":{"line":152,"column":15},"end":{"line":152,"column":40}},"loc":{"start":{"line":152,"column":43},"end":{"line":161,"column":1}},"line":152},"10":{"name":"getProductById","decl":{"start":{"line":167,"column":15},"end":{"line":167,"column":29}},"loc":{"start":{"line":167,"column":34},"end":{"line":210,"column":1}},"line":167},"11":{"name":"(anonymous_11)","decl":{"start":{"line":189,"column":39},"end":{"line":189,"column":40}},"loc":{"start":{"line":189,"column":53},"end":{"line":192,"column":3}},"line":189},"12":{"name":"getProductsByCategory","decl":{"start":{"line":217,"column":15},"end":{"line":217,"column":36}},"loc":{"start":{"line":217,"column":59},"end":{"line":262,"column":1}},"line":217},"13":{"name":"(anonymous_13)","decl":{"start":{"line":244,"column":37},"end":{"line":244,"column":38}},"loc":{"start":{"line":244,"column":50},"end":{"line":247,"column":3}},"line":244},"14":{"name":"(anonymous_14)","decl":{"start":{"line":251,"column":3},"end":{"line":251,"column":4}},"loc":{"start":{"line":251,"column":30},"end":{"line":253,"column":4}},"line":251},"15":{"name":"getHighlightedProducts","decl":{"start":{"line":267,"column":15},"end":{"line":267,"column":37}},"loc":{"start":{"line":267,"column":40},"end":{"line":291,"column":1}},"line":267},"16":{"name":"(anonymous_16)","decl":{"start":{"line":274,"column":31},"end":{"line":274,"column":32}},"loc":{"start":{"line":274,"column":44},"end":{"line":277,"column":3}},"line":274},"17":{"name":"(anonymous_17)","decl":{"start":{"line":281,"column":3},"end":{"line":281,"column":4}},"loc":{"start":{"line":281,"column":30},"end":{"line":283,"column":4}},"line":281},"18":{"name":"updateProduct","decl":{"start":{"line":298,"column":15},"end":{"line":298,"column":28}},"loc":{"start":{"line":298,"column":46},"end":{"line":323,"column":1}},"line":298},"19":{"name":"(anonymous_19)","decl":{"start":{"line":300,"column":7},"end":{"line":300,"column":8}},"loc":{"start":{"line":300,"column":23},"end":{"line":300,"column":47}},"line":300},"20":{"name":"addProduct_Categories","decl":{"start":{"line":330,"column":15},"end":{"line":330,"column":36}},"loc":{"start":{"line":330,"column":52},"end":{"line":353,"column":1}},"line":330}},"branchMap":{"0":{"loc":{"start":{"line":54,"column":2},"end":{"line":59,"column":3}},"type":"if","locations":[{"start":{"line":54,"column":2},"end":{"line":59,"column":3}},{"start":{"line":54,"column":2},"end":{"line":59,"column":3}}],"line":54},"1":{"loc":{"start":{"line":69,"column":30},"end":{"line":69,"column":44}},"type":"default-arg","locations":[{"start":{"line":69,"column":43},"end":{"line":69,"column":44}}],"line":69},"2":{"loc":{"start":{"line":105,"column":2},"end":{"line":107,"column":3}},"type":"if","locations":[{"start":{"line":105,"column":2},"end":{"line":107,"column":3}},{"start":{"line":105,"column":2},"end":{"line":107,"column":3}}],"line":105},"3":{"loc":{"start":{"line":298,"column":33},"end":{"line":298,"column":44}},"type":"default-arg","locations":[{"start":{"line":298,"column":42},"end":{"line":298,"column":44}}],"line":298},"4":{"loc":{"start":{"line":303,"column":1},"end":{"line":305,"column":2}},"type":"if","locations":[{"start":{"line":303,"column":1},"end":{"line":305,"column":2}},{"start":{"line":303,"column":1},"end":{"line":305,"column":2}}],"line":303},"5":{"loc":{"start":{"line":332,"column":2},"end":{"line":349,"column":3}},"type":"if","locations":[{"start":{"line":332,"column":2},"end":{"line":349,"column":3}},{"start":{"line":332,"column":2},"end":{"line":349,"column":3}}],"line":332},"6":{"loc":{"start":{"line":332,"column":6},"end":{"line":332,"column":29}},"type":"binary-expr","locations":[{"start":{"line":332,"column":6},"end":{"line":332,"column":16}},{"start":{"line":332,"column":20},"end":{"line":332,"column":29}}],"line":332},"7":{"loc":{"start":{"line":342,"column":3},"end":{"line":346,"column":4}},"type":"if","locations":[{"start":{"line":342,"column":3},"end":{"line":346,"column":4}},{"start":{"line":342,"column":3},"end":{"line":346,"column":4}}],"line":342}},"s":{"0":1,"1":1,"2":1,"3":1,"4":1,"5":0,"6":0,"7":0,"8":0,"9":0,"10":0,"11":0,"12":0,"13":0,"14":0,"15":0,"16":0,"17":0,"18":0,"19":0,"20":0,"21":0,"22":0,"23":0,"24":0,"25":0,"26":0,"27":0,"28":0,"29":0,"30":0,"31":0,"32":0,"33":0,"34":0,"35":0,"36":0,"37":0,"38":0,"39":0,"40":0,"41":0,"42":0,"43":0,"44":0,"45":0,"46":0,"47":0,"48":0,"49":0,"50":0,"51":0,"52":0,"53":0,"54":0,"55":0,"56":0,"57":0,"58":0,"59":0,"60":0,"61":0,"62":0,"63":0,"64":0,"65":0,"66":0,"67":0,"68":0,"69":0,"70":0,"71":0,"72":0,"73":0,"74":0,"75":0,"76":0,"77":0,"78":0,"79":0,"80":0,"81":0,"82":0,"83":0,"84":0,"85":0,"86":0,"87":0,"88":0,"89":0,"90":0,"91":0,"92":0,"93":0,"94":0,"95":0,"96":0,"97":0,"98":0,"99":0,"100":0,"101":0,"102":1},"f":{"0":0,"1":0,"2":0,"3":0,"4":0,"5":0,"6":0,"7":0,"8":0,"9":0,"10":0,"11":0,"12":0,"13":0,"14":0,"15":0,"16":0,"17":0,"18":0,"19":0,"20":0},"b":{"0":[0,0],"1":[0],"2":[0,0],"3":[0],"4":[0,0],"5":[0,0],"6":[0,0],"7":[0,0]},"_coverageSchema":"1a1c01bbd47fc00a2c39e90264f33305004495a9","hash":"bc382a636b92cdafb2e88280e4c3992d6c45e411"}
,"/Users/nico/github/FullstackAcademy/project_19/pandemicprep2/db/singletables/reviews.js": {"path":"/Users/nico/github/FullstackAcademy/project_19/pandemicprep2/db/singletables/reviews.js","statementMap":{"0":{"start":{"line":1,"column":19},"end":{"line":1,"column":39}},"1":{"start":{"line":14,"column":4},"end":{"line":26,"column":5}},"2":{"start":{"line":17,"column":12},"end":{"line":21,"column":54}},"3":{"start":{"line":23,"column":8},"end":{"line":23,"column":22}},"4":{"start":{"line":25,"column":8},"end":{"line":25,"column":20}},"5":{"start":{"line":35,"column":4},"end":{"line":46,"column":5}},"6":{"start":{"line":38,"column":12},"end":{"line":41,"column":23}},"7":{"start":{"line":43,"column":8},"end":{"line":43,"column":20}},"8":{"start":{"line":45,"column":8},"end":{"line":45,"column":20}},"9":{"start":{"line":49,"column":0},"end":{"line":52,"column":2}}},"fnMap":{"0":{"name":"addReview","decl":{"start":{"line":8,"column":15},"end":{"line":8,"column":24}},"loc":{"start":{"line":13,"column":3},"end":{"line":27,"column":1}},"line":13},"1":{"name":"getReviewsByProductId","decl":{"start":{"line":34,"column":15},"end":{"line":34,"column":36}},"loc":{"start":{"line":34,"column":48},"end":{"line":47,"column":1}},"line":34}},"branchMap":{},"s":{"0":1,"1":0,"2":0,"3":0,"4":0,"5":0,"6":0,"7":0,"8":0,"9":1},"f":{"0":0,"1":0},"b":{},"_coverageSchema":"1a1c01bbd47fc00a2c39e90264f33305004495a9","hash":"d16c5c9022e8c4ae19478bfff559775fac8a5058"}
,"/Users/nico/github/FullstackAcademy/project_19/pandemicprep2/db/singletables/users.js": {"path":"/Users/nico/github/FullstackAcademy/project_19/pandemicprep2/db/singletables/users.js","statementMap":{"0":{"start":{"line":3,"column":19},"end":{"line":3,"column":39}},"1":{"start":{"line":4,"column":15},"end":{"line":4,"column":32}},"2":{"start":{"line":5,"column":35},"end":{"line":5,"column":69}},"3":{"start":{"line":7,"column":14},"end":{"line":7,"column":16}},"4":{"start":{"line":8,"column":19},"end":{"line":8,"column":21}},"5":{"start":{"line":34,"column":23},"end":{"line":34,"column":27}},"6":{"start":{"line":35,"column":25},"end":{"line":35,"column":29}},"7":{"start":{"line":37,"column":1},"end":{"line":91,"column":2}},"8":{"start":{"line":38,"column":2},"end":{"line":88,"column":3}},"9":{"start":{"line":39,"column":3},"end":{"line":41,"column":4}},"10":{"start":{"line":40,"column":4},"end":{"line":40,"column":62}},"11":{"start":{"line":42,"column":3},"end":{"line":44,"column":4}},"12":{"start":{"line":43,"column":4},"end":{"line":43,"column":71}},"13":{"start":{"line":48,"column":7},"end":{"line":72,"column":4}},"14":{"start":{"line":74,"column":3},"end":{"line":85,"column":4}},"15":{"start":{"line":75,"column":23},"end":{"line":79,"column":6}},"16":{"start":{"line":80,"column":4},"end":{"line":80,"column":26}},"17":{"start":{"line":81,"column":4},"end":{"line":81,"column":36}},"18":{"start":{"line":82,"column":4},"end":{"line":82,"column":19}},"19":{"start":{"line":84,"column":4},"end":{"line":84,"column":73}},"20":{"start":{"line":87,"column":3},"end":{"line":87,"column":58}},"21":{"start":{"line":90,"column":2},"end":{"line":90,"column":14}},"22":{"start":{"line":101,"column":1},"end":{"line":124,"column":2}},"23":{"start":{"line":102,"column":17},"end":{"line":102,"column":41}},"24":{"start":{"line":104,"column":23},"end":{"line":106,"column":10}},"25":{"start":{"line":108,"column":19},"end":{"line":111,"column":10}},"26":{"start":{"line":113,"column":20},"end":{"line":113,"column":47}},"27":{"start":{"line":115,"column":2},"end":{"line":119,"column":5}},"28":{"start":{"line":116,"column":3},"end":{"line":118,"column":4}},"29":{"start":{"line":117,"column":4},"end":{"line":117,"column":14}},"30":{"start":{"line":120,"column":2},"end":{"line":120,"column":24}},"31":{"start":{"line":121,"column":2},"end":{"line":121,"column":27}},"32":{"start":{"line":123,"column":2},"end":{"line":123,"column":14}},"33":{"start":{"line":135,"column":1},"end":{"line":135,"column":18}},"34":{"start":{"line":136,"column":1},"end":{"line":138,"column":2}},"35":{"start":{"line":137,"column":2},"end":{"line":137,"column":67}},"36":{"start":{"line":140,"column":19},"end":{"line":142,"column":13}},"37":{"start":{"line":141,"column":23},"end":{"line":141,"column":47}},"38":{"start":{"line":144,"column":1},"end":{"line":146,"column":2}},"39":{"start":{"line":145,"column":2},"end":{"line":145,"column":9}},"40":{"start":{"line":147,"column":1},"end":{"line":163,"column":2}},"41":{"start":{"line":150,"column":6},"end":{"line":158,"column":3}},"42":{"start":{"line":160,"column":2},"end":{"line":160,"column":14}},"43":{"start":{"line":162,"column":2},"end":{"line":162,"column":14}},"44":{"start":{"line":171,"column":1},"end":{"line":187,"column":2}},"45":{"start":{"line":174,"column":6},"end":{"line":179,"column":3}},"46":{"start":{"line":180,"column":2},"end":{"line":184,"column":3}},"47":{"start":{"line":181,"column":3},"end":{"line":181,"column":15}},"48":{"start":{"line":183,"column":3},"end":{"line":183,"column":51}},"49":{"start":{"line":186,"column":2},"end":{"line":186,"column":14}},"50":{"start":{"line":195,"column":1},"end":{"line":217,"column":2}},"51":{"start":{"line":198,"column":6},"end":{"line":205,"column":3}},"52":{"start":{"line":207,"column":2},"end":{"line":214,"column":3}},"53":{"start":{"line":208,"column":22},"end":{"line":208,"column":50}},"54":{"start":{"line":209,"column":3},"end":{"line":209,"column":32}},"55":{"start":{"line":211,"column":3},"end":{"line":211,"column":15}},"56":{"start":{"line":213,"column":3},"end":{"line":213,"column":54}},"57":{"start":{"line":216,"column":2},"end":{"line":216,"column":14}},"58":{"start":{"line":220,"column":0},"end":{"line":226,"column":2}}},"fnMap":{"0":{"name":"addUser","decl":{"start":{"line":18,"column":15},"end":{"line":18,"column":22}},"loc":{"start":{"line":33,"column":3},"end":{"line":92,"column":1}},"line":33},"1":{"name":"getAllUsers","decl":{"start":{"line":100,"column":15},"end":{"line":100,"column":26}},"loc":{"start":{"line":100,"column":49},"end":{"line":125,"column":1}},"line":100},"2":{"name":"(anonymous_2)","decl":{"start":{"line":115,"column":11},"end":{"line":115,"column":12}},"loc":{"start":{"line":115,"column":23},"end":{"line":119,"column":3}},"line":115},"3":{"name":"updateUser","decl":{"start":{"line":132,"column":15},"end":{"line":132,"column":25}},"loc":{"start":{"line":132,"column":43},"end":{"line":164,"column":1}},"line":132},"4":{"name":"(anonymous_4)","decl":{"start":{"line":141,"column":7},"end":{"line":141,"column":8}},"loc":{"start":{"line":141,"column":23},"end":{"line":141,"column":47}},"line":141},"5":{"name":"getUserById","decl":{"start":{"line":170,"column":15},"end":{"line":170,"column":26}},"loc":{"start":{"line":170,"column":31},"end":{"line":188,"column":1}},"line":170},"6":{"name":"getUserByEmail","decl":{"start":{"line":194,"column":15},"end":{"line":194,"column":29}},"loc":{"start":{"line":194,"column":37},"end":{"line":218,"column":1}},"line":194}},"branchMap":{"0":{"loc":{"start":{"line":21,"column":1},"end":{"line":21,"column":16}},"type":"default-arg","locations":[{"start":{"line":21,"column":11},"end":{"line":21,"column":16}}],"line":21},"1":{"loc":{"start":{"line":22,"column":1},"end":{"line":22,"column":15}},"type":"default-arg","locations":[{"start":{"line":22,"column":10},"end":{"line":22,"column":15}}],"line":22},"2":{"loc":{"start":{"line":23,"column":1},"end":{"line":23,"column":13}},"type":"default-arg","locations":[{"start":{"line":23,"column":9},"end":{"line":23,"column":13}}],"line":23},"3":{"loc":{"start":{"line":24,"column":1},"end":{"line":24,"column":14}},"type":"default-arg","locations":[{"start":{"line":24,"column":12},"end":{"line":24,"column":14}}],"line":24},"4":{"loc":{"start":{"line":25,"column":1},"end":{"line":25,"column":18}},"type":"default-arg","locations":[{"start":{"line":25,"column":16},"end":{"line":25,"column":18}}],"line":25},"5":{"loc":{"start":{"line":26,"column":1},"end":{"line":26,"column":18}},"type":"default-arg","locations":[{"start":{"line":26,"column":16},"end":{"line":26,"column":18}}],"line":26},"6":{"loc":{"start":{"line":27,"column":1},"end":{"line":27,"column":10}},"type":"default-arg","locations":[{"start":{"line":27,"column":8},"end":{"line":27,"column":10}}],"line":27},"7":{"loc":{"start":{"line":28,"column":1},"end":{"line":28,"column":11}},"type":"default-arg","locations":[{"start":{"line":28,"column":9},"end":{"line":28,"column":11}}],"line":28},"8":{"loc":{"start":{"line":29,"column":1},"end":{"line":29,"column":13}},"type":"default-arg","locations":[{"start":{"line":29,"column":11},"end":{"line":29,"column":13}}],"line":29},"9":{"loc":{"start":{"line":30,"column":1},"end":{"line":30,"column":13}},"type":"default-arg","locations":[{"start":{"line":30,"column":11},"end":{"line":30,"column":13}}],"line":30},"10":{"loc":{"start":{"line":31,"column":1},"end":{"line":31,"column":13}},"type":"default-arg","locations":[{"start":{"line":31,"column":9},"end":{"line":31,"column":13}}],"line":31},"11":{"loc":{"start":{"line":32,"column":1},"end":{"line":32,"column":18}},"type":"default-arg","locations":[{"start":{"line":32,"column":14},"end":{"line":32,"column":18}}],"line":32},"12":{"loc":{"start":{"line":38,"column":2},"end":{"line":88,"column":3}},"type":"if","locations":[{"start":{"line":38,"column":2},"end":{"line":88,"column":3}},{"start":{"line":38,"column":2},"end":{"line":88,"column":3}}],"line":38},"13":{"loc":{"start":{"line":39,"column":3},"end":{"line":41,"column":4}},"type":"if","locations":[{"start":{"line":39,"column":3},"end":{"line":41,"column":4}},{"start":{"line":39,"column":3},"end":{"line":41,"column":4}}],"line":39},"14":{"loc":{"start":{"line":42,"column":3},"end":{"line":44,"column":4}},"type":"if","locations":[{"start":{"line":42,"column":3},"end":{"line":44,"column":4}},{"start":{"line":42,"column":3},"end":{"line":44,"column":4}}],"line":42},"15":{"loc":{"start":{"line":74,"column":3},"end":{"line":85,"column":4}},"type":"if","locations":[{"start":{"line":74,"column":3},"end":{"line":85,"column":4}},{"start":{"line":74,"column":3},"end":{"line":85,"column":4}}],"line":74},"16":{"loc":{"start":{"line":100,"column":27},"end":{"line":100,"column":41}},"type":"default-arg","locations":[{"start":{"line":100,"column":40},"end":{"line":100,"column":41}}],"line":100},"17":{"loc":{"start":{"line":116,"column":3},"end":{"line":118,"column":4}},"type":"if","locations":[{"start":{"line":116,"column":3},"end":{"line":118,"column":4}},{"start":{"line":116,"column":3},"end":{"line":118,"column":4}}],"line":116},"18":{"loc":{"start":{"line":132,"column":30},"end":{"line":132,"column":41}},"type":"default-arg","locations":[{"start":{"line":132,"column":39},"end":{"line":132,"column":41}}],"line":132},"19":{"loc":{"start":{"line":136,"column":1},"end":{"line":138,"column":2}},"type":"if","locations":[{"start":{"line":136,"column":1},"end":{"line":138,"column":2}},{"start":{"line":136,"column":1},"end":{"line":138,"column":2}}],"line":136},"20":{"loc":{"start":{"line":144,"column":1},"end":{"line":146,"column":2}},"type":"if","locations":[{"start":{"line":144,"column":1},"end":{"line":146,"column":2}},{"start":{"line":144,"column":1},"end":{"line":146,"column":2}}],"line":144},"21":{"loc":{"start":{"line":180,"column":2},"end":{"line":184,"column":3}},"type":"if","locations":[{"start":{"line":180,"column":2},"end":{"line":184,"column":3}},{"start":{"line":180,"column":2},"end":{"line":184,"column":3}}],"line":180},"22":{"loc":{"start":{"line":207,"column":2},"end":{"line":214,"column":3}},"type":"if","locations":[{"start":{"line":207,"column":2},"end":{"line":214,"column":3}},{"start":{"line":207,"column":2},"end":{"line":214,"column":3}}],"line":207}},"s":{"0":1,"1":1,"2":1,"3":1,"4":1,"5":0,"6":0,"7":0,"8":0,"9":0,"10":0,"11":0,"12":0,"13":0,"14":0,"15":0,"16":0,"17":0,"18":0,"19":0,"20":0,"21":0,"22":0,"23":0,"24":0,"25":0,"26":0,"27":0,"28":0,"29":0,"30":0,"31":0,"32":0,"33":0,"34":0,"35":0,"36":0,"37":0,"38":0,"39":0,"40":0,"41":0,"42":0,"43":0,"44":0,"45":0,"46":0,"47":0,"48":0,"49":0,"50":0,"51":0,"52":0,"53":0,"54":0,"55":0,"56":0,"57":0,"58":1},"f":{"0":0,"1":0,"2":0,"3":0,"4":0,"5":0,"6":0},"b":{"0":[0],"1":[0],"2":[0],"3":[0],"4":[0],"5":[0],"6":[0],"7":[0],"8":[0],"9":[0],"10":[0],"11":[0],"12":[0,0],"13":[0,0],"14":[0,0],"15":[0,0],"16":[0],"17":[0,0],"18":[0],"19":[0,0],"20":[0,0],"21":[0,0],"22":[0,0]},"_coverageSchema":"1a1c01bbd47fc00a2c39e90264f33305004495a9","hash":"6dde7be581be6ef05faa3d1e19151a530d8afdce"}
}
