TN:
SF:db/client.js
FNF:0
FNH:0
DA:1,2
DA:2,2
DA:3,2
DA:4,2
DA:6,2
LF:5
LH:5
BRDA:3,0,0,2
BRDA:3,0,1,2
BRF:2
BRH:2
end_of_record
TN:
SF:db/singletables/cart.js
FN:11,addCart
FN:37,getCartHistoryStatus
FN:56,getCartHistoryStatusAdmin
FN:73,getProcessingCarts
FN:93,(anonymous_4)
FN:110,getUserById
FN:135,getActiveCart
FN:152,getActiveCartAlone
FN:176,addProductToCart
FN:192,(anonymous_9)
FN:222,getProductsCartForACartId
FN:235,(anonymous_11)
FN:251,getAllProductsCart
FN:256,(anonymous_13)
FN:270,removeProductFromCart
FN:285,(anonymous_15)
FN:321,updateProductQuantity
FN:340,(anonymous_17)
FN:367,deactivateCart
FN:389,completeCart
FN:412,getUserOrderHistory
FN:433,(anonymous_21)
FN:450,getOrderHistory
FN:468,(anonymous_23)
FN:484,lastUpdated
FN:499,getDate
FN:512,getSalesReport
FNF:27
FNH:0
FNDA:0,addCart
FNDA:0,getCartHistoryStatus
FNDA:0,getCartHistoryStatusAdmin
FNDA:0,getProcessingCarts
FNDA:0,(anonymous_4)
FNDA:0,getUserById
FNDA:0,getActiveCart
FNDA:0,getActiveCartAlone
FNDA:0,addProductToCart
FNDA:0,(anonymous_9)
FNDA:0,getProductsCartForACartId
FNDA:0,(anonymous_11)
FNDA:0,getAllProductsCart
FNDA:0,(anonymous_13)
FNDA:0,removeProductFromCart
FNDA:0,(anonymous_15)
FNDA:0,updateProductQuantity
FNDA:0,(anonymous_17)
FNDA:0,deactivateCart
FNDA:0,completeCart
FNDA:0,getUserOrderHistory
FNDA:0,(anonymous_21)
FNDA:0,getOrderHistory
FNDA:0,(anonymous_23)
FNDA:0,lastUpdated
FNDA:0,getDate
FNDA:0,getSalesReport
DA:3,2
DA:4,2
DA:5,2
DA:12,0
DA:14,0
DA:17,0
DA:25,0
DA:27,0
DA:28,0
DA:29,0
DA:38,0
DA:39,0
DA:47,0
DA:49,0
DA:57,0
DA:58,0
DA:64,0
DA:66,0
DA:74,0
DA:75,0
DA:77,0
DA:84,0
DA:93,0
DA:94,0
DA:95,0
DA:96,0
DA:97,0
DA:98,0
DA:99,0
DA:102,0
DA:103,0
DA:105,0
DA:111,0
DA:114,0
DA:121,0
DA:122,0
DA:124,0
DA:127,0
DA:136,0
DA:137,0
DA:139,0
DA:141,0
DA:142,0
DA:144,0
DA:145,0
DA:148,0
DA:153,0
DA:156,0
DA:164,0
DA:165,0
DA:168,0
DA:178,0
DA:179,0
DA:180,0
DA:188,0
DA:190,0
DA:191,0
DA:192,0
DA:193,0
DA:194,0
DA:197,0
DA:208,0
DA:210,0
DA:212,0
DA:214,0
DA:223,0
DA:224,0
DA:234,0
DA:235,0
DA:236,0
DA:237,0
DA:239,0
DA:241,0
DA:244,0
DA:252,0
DA:253,0
DA:256,0
DA:257,0
DA:258,0
DA:260,0
DA:262,0
DA:271,0
DA:272,0
DA:281,0
DA:283,0
DA:284,0
DA:285,0
DA:286,0
DA:287,0
DA:290,0
DA:301,0
DA:303,0
DA:305,0
DA:306,0
DA:308,0
DA:311,0
DA:322,0
DA:324,0
DA:325,0
DA:336,0
DA:338,0
DA:339,0
DA:340,0
DA:341,0
DA:342,0
DA:345,0
DA:356,0
DA:358,0
DA:360,0
DA:362,0
DA:368,0
DA:369,0
DA:378,0
DA:380,0
DA:382,0
DA:384,0
DA:390,0
DA:393,0
DA:403,0
DA:405,0
DA:407,0
DA:413,0
DA:414,0
DA:416,0
DA:424,0
DA:433,0
DA:434,0
DA:435,0
DA:436,0
DA:437,0
DA:438,0
DA:439,0
DA:442,0
DA:443,0
DA:445,0
DA:451,0
DA:452,0
DA:454,0
DA:460,0
DA:468,0
DA:469,0
DA:470,0
DA:471,0
DA:472,0
DA:473,0
DA:474,0
DA:477,0
DA:478,0
DA:480,0
DA:485,0
DA:486,0
DA:495,0
DA:500,0
DA:501,0
DA:503,0
DA:509,0
DA:513,0
DA:514,0
DA:524,0
DA:525,0
DA:527,0
DA:531,2
LF:162
LH:4
BRDA:73,0,0,0
BRDA:121,1,0,0
BRDA:121,1,1,0
BRDA:144,2,0,0
BRDA:144,2,1,0
BRDA:164,3,0,0
BRDA:164,3,1,0
BRDA:234,4,0,0
BRDA:234,4,1,0
BRDA:305,5,0,0
BRDA:305,5,1,0
BRDA:412,6,0,0
BRDA:450,7,0,0
BRDA:503,8,0,0
BRDA:503,8,1,0
BRDA:505,9,0,0
BRDA:505,9,1,0
BRDA:507,10,0,0
BRDA:507,10,1,0
BRF:19
BRH:0
end_of_record
TN:
SF:db/singletables/users.js
FN:18,addUser
FN:101,getAllUsers
FN:116,(anonymous_2)
FN:133,updateUser
FN:142,(anonymous_4)
FN:171,getUserById
FN:195,getUserByEmail
FN:221,sum
FNF:8
FNH:2
FNDA:1,addUser
FNDA:0,getAllUsers
FNDA:0,(anonymous_2)
FNDA:0,updateUser
FNDA:0,(anonymous_4)
FNDA:0,getUserById
FNDA:0,getUserByEmail
FNDA:1,sum
DA:3,1
DA:4,1
DA:5,1
DA:7,1
DA:8,1
DA:34,1
DA:35,1
DA:36,1
DA:38,1
DA:39,1
DA:40,1
DA:41,1
DA:43,0
DA:44,0
DA:49,0
DA:75,0
DA:76,0
DA:81,0
DA:82,0
DA:83,0
DA:85,0
DA:88,0
DA:91,0
DA:102,0
DA:103,0
DA:105,0
DA:109,0
DA:114,0
DA:116,0
DA:117,0
DA:118,0
DA:121,0
DA:122,0
DA:124,0
DA:136,0
DA:137,0
DA:138,0
DA:141,0
DA:142,0
DA:145,0
DA:146,0
DA:148,0
DA:151,0
DA:161,0
DA:163,0
DA:172,0
DA:175,0
DA:181,0
DA:182,0
DA:184,0
DA:187,0
DA:196,0
DA:199,0
DA:208,0
DA:209,0
DA:210,0
DA:212,0
DA:214,0
DA:217,0
DA:222,1
DA:225,1
LF:61
LH:14
BRDA:21,0,0,1
BRDA:22,1,0,1
BRDA:23,2,0,0
BRDA:24,3,0,0
BRDA:25,4,0,1
BRDA:26,5,0,1
BRDA:27,6,0,1
BRDA:28,7,0,1
BRDA:29,8,0,1
BRDA:30,9,0,1
BRDA:31,10,0,1
BRDA:32,11,0,1
BRDA:39,12,0,1
BRDA:39,12,1,0
BRDA:40,13,0,1
BRDA:40,13,1,0
BRDA:43,14,0,0
BRDA:43,14,1,0
BRDA:75,15,0,0
BRDA:75,15,1,0
BRDA:101,16,0,0
BRDA:117,17,0,0
BRDA:117,17,1,0
BRDA:133,18,0,0
BRDA:137,19,0,0
BRDA:137,19,1,0
BRDA:145,20,0,0
BRDA:145,20,1,0
BRDA:181,21,0,0
BRDA:181,21,1,0
BRDA:208,22,0,0
BRDA:208,22,1,0
BRF:32
BRH:12
end_of_record
