TN:
SF:db/client.js
FNF:0
FNH:0
DA:1,1
DA:2,1
DA:3,1
DA:4,1
DA:6,1
LF:5
LH:5
BRDA:3,0,0,1
BRDA:3,0,1,1
BRF:2
BRH:2
end_of_record
TN:
SF:db/index.js
FNF:0
FNH:0
DA:1,1
LF:1
LH:1
BRF:0
BRH:0
end_of_record
TN:
SF:db/seed.js
FN:30,seed
FN:54,createNewUsers
FN:133,gettingAllUsers
FN:142,seedingProductObject
FN:146,(anonymous_4)
FN:166,gettingProductsByQuery
FN:175,updatingUsers
FN:200,gettingUserById
FN:209,gettingCategoryIdsByName
FN:221,addingOneCart
FN:252,gettingNonActiveCartAdmin
FN:260,gettingNonActiveCart
FN:269,seedingInitialReviews
FN:299,gettingSeedReviewsByProduct
FN:307,gettingAllCategories
FN:315,gettingProductById
FN:323,gettingProductsByCategory
FN:331,makingProductCart
FNF:18
FNH:0
FNDA:0,seed
FNDA:0,createNewUsers
FNDA:0,gettingAllUsers
FNDA:0,seedingProductObject
FNDA:0,(anonymous_4)
FNDA:0,gettingProductsByQuery
FNDA:0,updatingUsers
FNDA:0,gettingUserById
FNDA:0,gettingCategoryIdsByName
FNDA:0,addingOneCart
FNDA:0,gettingNonActiveCartAdmin
FNDA:0,gettingNonActiveCart
FNDA:0,seedingInitialReviews
FNDA:0,gettingSeedReviewsByProduct
FNDA:0,gettingAllCategories
FNDA:0,gettingProductById
FNDA:0,gettingProductsByCategory
FNDA:0,makingProductCart
DA:1,1
DA:17,1
DA:19,1
DA:20,1
DA:22,1
DA:31,0
DA:32,0
DA:35,0
DA:36,0
DA:37,0
DA:38,0
DA:47,0
DA:48,0
DA:49,0
DA:51,0
DA:55,0
DA:57,0
DA:58,0
DA:74,0
DA:75,0
DA:76,0
DA:92,0
DA:93,0
DA:94,0
DA:110,0
DA:111,0
DA:112,0
DA:128,0
DA:130,0
DA:134,0
DA:135,0
DA:136,0
DA:137,0
DA:139,0
DA:143,0
DA:144,0
DA:145,0
DA:146,0
DA:151,0
DA:152,0
DA:160,0
DA:163,0
DA:167,0
DA:168,0
DA:169,0
DA:170,0
DA:172,0
DA:176,0
DA:177,0
DA:178,0
DA:195,0
DA:197,0
DA:201,0
DA:202,0
DA:203,0
DA:204,0
DA:206,0
DA:210,0
DA:211,0
DA:212,0
DA:213,0
DA:214,0
DA:215,0
DA:216,0
DA:218,0
DA:222,0
DA:223,0
DA:229,0
DA:235,0
DA:241,0
DA:247,0
DA:249,0
DA:253,0
DA:254,0
DA:255,0
DA:257,0
DA:261,0
DA:263,0
DA:264,0
DA:266,0
DA:270,0
DA:271,0
DA:277,0
DA:283,0
DA:289,0
DA:296,0
DA:300,0
DA:301,0
DA:302,0
DA:304,0
DA:308,0
DA:309,0
DA:310,0
DA:312,0
DA:316,0
DA:317,0
DA:318,0
DA:320,0
DA:324,0
DA:325,0
DA:326,0
DA:328,0
DA:332,0
DA:333,0
DA:339,0
DA:345,0
DA:351,0
DA:353,0
DA:364,1
LF:109
LH:6
BRDA:147,0,0,0
BRF:1
BRH:0
end_of_record
TN:
SF:db/singletables/cart.js
FN:11,addCart
FN:36,getCartHistoryStatus
FN:55,getCartHistoryStatusAdmin
FN:72,getProcessingCarts
FN:92,(anonymous_4)
FN:109,getUserById
FN:134,getActiveCart
FN:151,getActiveCartAlone
FN:175,addProductToCart
FN:191,(anonymous_9)
FN:221,getProductsCartForACartId
FN:234,(anonymous_11)
FN:250,getAllProductsCart
FN:255,(anonymous_13)
FN:269,removeProductFromCart
FN:284,(anonymous_15)
FN:320,updateProductQuantity
FN:339,(anonymous_17)
FN:366,deactivateCart
FN:388,completeCart
FN:411,getUserOrderHistory
FN:432,(anonymous_21)
FN:449,getOrderHistory
FN:467,(anonymous_23)
FN:483,lastUpdated
FN:498,getDate
FN:511,getSalesReport
FNF:27
FNH:2
FNDA:1,addCart
FNDA:0,getCartHistoryStatus
FNDA:0,getCartHistoryStatusAdmin
FNDA:0,getProcessingCarts
FNDA:0,(anonymous_4)
FNDA:0,getUserById
FNDA:0,getActiveCart
FNDA:0,getActiveCartAlone
FNDA:0,addProductToCart
FNDA:0,(anonymous_9)
FNDA:0,getProductsCartForACartId
FNDA:0,(anonymous_11)
FNDA:0,getAllProductsCart
FNDA:0,(anonymous_13)
FNDA:0,removeProductFromCart
FNDA:0,(anonymous_15)
FNDA:0,updateProductQuantity
FNDA:0,(anonymous_17)
FNDA:0,deactivateCart
FNDA:0,completeCart
FNDA:0,getUserOrderHistory
FNDA:0,(anonymous_21)
FNDA:0,getOrderHistory
FNDA:0,(anonymous_23)
FNDA:0,lastUpdated
FNDA:2,getDate
FNDA:0,getSalesReport
DA:3,1
DA:4,1
DA:5,1
DA:13,1
DA:16,1
DA:24,0
DA:26,0
DA:28,0
DA:37,0
DA:38,0
DA:46,0
DA:48,0
DA:56,0
DA:57,0
DA:63,0
DA:65,0
DA:73,0
DA:74,0
DA:76,0
DA:83,0
DA:92,0
DA:93,0
DA:94,0
DA:95,0
DA:96,0
DA:97,0
DA:98,0
DA:101,0
DA:102,0
DA:104,0
DA:110,0
DA:113,0
DA:120,0
DA:121,0
DA:123,0
DA:126,0
DA:135,0
DA:136,0
DA:138,0
DA:140,0
DA:141,0
DA:143,0
DA:144,0
DA:147,0
DA:152,0
DA:155,0
DA:163,0
DA:164,0
DA:167,0
DA:177,0
DA:178,0
DA:179,0
DA:187,0
DA:189,0
DA:190,0
DA:191,0
DA:192,0
DA:193,0
DA:196,0
DA:207,0
DA:209,0
DA:211,0
DA:213,0
DA:222,0
DA:223,0
DA:233,0
DA:234,0
DA:235,0
DA:236,0
DA:238,0
DA:240,0
DA:243,0
DA:251,0
DA:252,0
DA:255,0
DA:256,0
DA:257,0
DA:259,0
DA:261,0
DA:270,0
DA:271,0
DA:280,0
DA:282,0
DA:283,0
DA:284,0
DA:285,0
DA:286,0
DA:289,0
DA:300,0
DA:302,0
DA:304,0
DA:305,0
DA:307,0
DA:310,0
DA:321,0
DA:323,0
DA:324,0
DA:335,0
DA:337,0
DA:338,0
DA:339,0
DA:340,0
DA:341,0
DA:344,0
DA:355,0
DA:357,0
DA:359,0
DA:361,0
DA:367,0
DA:368,0
DA:377,0
DA:379,0
DA:381,0
DA:383,0
DA:389,0
DA:392,0
DA:402,0
DA:404,0
DA:406,0
DA:412,0
DA:413,0
DA:415,0
DA:423,0
DA:432,0
DA:433,0
DA:434,0
DA:435,0
DA:436,0
DA:437,0
DA:438,0
DA:441,0
DA:442,0
DA:444,0
DA:450,0
DA:451,0
DA:453,0
DA:459,0
DA:467,0
DA:468,0
DA:469,0
DA:470,0
DA:471,0
DA:472,0
DA:473,0
DA:476,0
DA:477,0
DA:479,0
DA:484,0
DA:485,0
DA:494,0
DA:499,2
DA:500,2
DA:502,2
DA:508,2
DA:512,0
DA:513,0
DA:523,0
DA:524,0
DA:526,0
DA:530,1
LF:160
LH:10
BRDA:72,0,0,0
BRDA:120,1,0,0
BRDA:120,1,1,0
BRDA:143,2,0,0
BRDA:143,2,1,0
BRDA:163,3,0,0
BRDA:163,3,1,0
BRDA:233,4,0,0
BRDA:233,4,1,0
BRDA:304,5,0,0
BRDA:304,5,1,0
BRDA:411,6,0,0
BRDA:449,7,0,0
BRDA:502,8,0,0
BRDA:502,8,1,2
BRDA:504,9,0,0
BRDA:504,9,1,2
BRDA:506,10,0,0
BRDA:506,10,1,2
BRF:19
BRH:3
end_of_record
TN:
SF:db/singletables/categories.js
FN:7,categoryIdByName
FN:54,getCategoryByName
FN:72,getAllCategories
FNF:3
FNH:0
FNDA:0,categoryIdByName
FNDA:0,getCategoryByName
FNDA:0,getAllCategories
DA:1,1
DA:8,0
DA:9,0
DA:10,0
DA:13,0
DA:22,0
DA:24,0
DA:26,0
DA:32,0
DA:33,0
DA:35,0
DA:39,0
DA:42,0
DA:45,0
DA:55,0
DA:58,0
DA:63,0
DA:65,0
DA:73,0
DA:76,0
DA:80,0
DA:82,0
DA:86,1
LF:23
LH:2
BRDA:9,0,0,0
BRDA:9,0,1,0
BRDA:10,1,0,0
BRDA:10,1,1,0
BRDA:22,2,0,0
BRDA:22,2,1,0
BRDA:32,3,0,0
BRDA:32,3,1,0
BRF:8
BRH:0
end_of_record
TN:
SF:db/singletables/productObject.js
FNF:0
FNH:0
DA:5,1
DA:1779,1
LF:2
LH:2
BRF:0
BRH:0
end_of_record
TN:
SF:db/singletables/products.js
FN:15,addProductAndCategory
FN:22,(anonymous_1)
FN:40,addProduct
FN:69,getAllProducts
FN:84,(anonymous_4)
FN:101,getProductsByQuery
FN:124,(anonymous_6)
FN:131,(anonymous_7)
FN:137,(anonymous_8)
FN:152,getProductsForCartHistory
FN:167,getProductById
FN:189,(anonymous_11)
FN:217,getProductsByCategory
FN:244,(anonymous_13)
FN:251,(anonymous_14)
FN:267,getHighlightedProducts
FN:274,(anonymous_16)
FN:281,(anonymous_17)
FN:298,updateProduct
FN:300,(anonymous_19)
FN:330,addProduct_Categories
FNF:21
FNH:0
FNDA:0,addProductAndCategory
FNDA:0,(anonymous_1)
FNDA:0,addProduct
FNDA:0,getAllProducts
FNDA:0,(anonymous_4)
FNDA:0,getProductsByQuery
FNDA:0,(anonymous_6)
FNDA:0,(anonymous_7)
FNDA:0,(anonymous_8)
FNDA:0,getProductsForCartHistory
FNDA:0,getProductById
FNDA:0,(anonymous_11)
FNDA:0,getProductsByCategory
FNDA:0,(anonymous_13)
FNDA:0,(anonymous_14)
FNDA:0,getHighlightedProducts
FNDA:0,(anonymous_16)
FNDA:0,(anonymous_17)
FNDA:0,updateProduct
FNDA:0,(anonymous_19)
FNDA:0,addProduct_Categories
DA:1,1
DA:3,1
DA:6,1
DA:8,1
DA:9,1
DA:16,0
DA:17,0
DA:19,0
DA:20,0
DA:22,0
DA:23,0
DA:24,0
DA:25,0
DA:28,0
DA:29,0
DA:31,0
DA:41,0
DA:44,0
DA:54,0
DA:55,0
DA:56,0
DA:58,0
DA:61,0
DA:70,0
DA:71,0
DA:73,0
DA:77,0
DA:82,0
DA:84,0
DA:85,0
DA:86,0
DA:87,0
DA:90,0
DA:92,0
DA:102,0
DA:103,0
DA:105,0
DA:106,0
DA:109,0
DA:116,0
DA:124,0
DA:125,0
DA:126,0
DA:129,0
DA:132,0
DA:137,0
DA:138,0
DA:141,0
DA:142,0
DA:144,0
DA:153,0
DA:154,0
DA:157,0
DA:159,0
DA:168,0
DA:171,0
DA:179,0
DA:189,0
DA:190,0
DA:191,0
DA:194,0
DA:196,0
DA:204,0
DA:206,0
DA:208,0
DA:218,0
DA:219,0
DA:221,0
DA:232,0
DA:244,0
DA:245,0
DA:246,0
DA:249,0
DA:252,0
DA:257,0
DA:258,0
DA:260,0
DA:268,0
DA:269,0
DA:274,0
DA:275,0
DA:276,0
DA:279,0
DA:282,0
DA:287,0
DA:289,0
DA:299,0
DA:300,0
DA:303,0
DA:304,0
DA:306,0
DA:309,0
DA:319,0
DA:321,0
DA:331,0
DA:332,0
DA:335,0
DA:342,0
DA:343,0
DA:345,0
DA:348,0
DA:351,0
DA:355,1
LF:103
LH:6
BRDA:54,0,0,0
BRDA:54,0,1,0
BRDA:69,1,0,0
BRDA:105,2,0,0
BRDA:105,2,1,0
BRDA:298,3,0,0
BRDA:303,4,0,0
BRDA:303,4,1,0
BRDA:332,5,0,0
BRDA:332,5,1,0
BRDA:332,6,0,0
BRDA:332,6,1,0
BRDA:342,7,0,0
BRDA:342,7,1,0
BRF:14
BRH:0
end_of_record
TN:
SF:db/singletables/reviews.js
FN:8,addReview
FN:34,getReviewsByProductId
FNF:2
FNH:0
FNDA:0,addReview
FNDA:0,getReviewsByProductId
DA:1,1
DA:14,0
DA:17,0
DA:23,0
DA:25,0
DA:35,0
DA:38,0
DA:43,0
DA:45,0
DA:49,1
LF:10
LH:2
BRF:0
BRH:0
end_of_record
TN:
SF:db/singletables/users.js
FN:18,addUser
FN:100,getAllUsers
FN:115,(anonymous_2)
FN:132,updateUser
FN:141,(anonymous_4)
FN:170,getUserById
FN:194,getUserByEmail
FNF:7
FNH:0
FNDA:0,addUser
FNDA:0,getAllUsers
FNDA:0,(anonymous_2)
FNDA:0,updateUser
FNDA:0,(anonymous_4)
FNDA:0,getUserById
FNDA:0,getUserByEmail
DA:3,1
DA:4,1
DA:5,1
DA:7,1
DA:8,1
DA:34,0
DA:35,0
DA:37,0
DA:38,0
DA:39,0
DA:40,0
DA:42,0
DA:43,0
DA:48,0
DA:74,0
DA:75,0
DA:80,0
DA:81,0
DA:82,0
DA:84,0
DA:87,0
DA:90,0
DA:101,0
DA:102,0
DA:104,0
DA:108,0
DA:113,0
DA:115,0
DA:116,0
DA:117,0
DA:120,0
DA:121,0
DA:123,0
DA:135,0
DA:136,0
DA:137,0
DA:140,0
DA:141,0
DA:144,0
DA:145,0
DA:147,0
DA:150,0
DA:160,0
DA:162,0
DA:171,0
DA:174,0
DA:180,0
DA:181,0
DA:183,0
DA:186,0
DA:195,0
DA:198,0
DA:207,0
DA:208,0
DA:209,0
DA:211,0
DA:213,0
DA:216,0
DA:220,1
LF:59
LH:6
BRDA:21,0,0,0
BRDA:22,1,0,0
BRDA:23,2,0,0
BRDA:24,3,0,0
BRDA:25,4,0,0
BRDA:26,5,0,0
BRDA:27,6,0,0
BRDA:28,7,0,0
BRDA:29,8,0,0
BRDA:30,9,0,0
BRDA:31,10,0,0
BRDA:32,11,0,0
BRDA:38,12,0,0
BRDA:38,12,1,0
BRDA:39,13,0,0
BRDA:39,13,1,0
BRDA:42,14,0,0
BRDA:42,14,1,0
BRDA:74,15,0,0
BRDA:74,15,1,0
BRDA:100,16,0,0
BRDA:116,17,0,0
BRDA:116,17,1,0
BRDA:132,18,0,0
BRDA:136,19,0,0
BRDA:136,19,1,0
BRDA:144,20,0,0
BRDA:144,20,1,0
BRDA:180,21,0,0
BRDA:180,21,1,0
BRDA:207,22,0,0
BRDA:207,22,1,0
BRF:32
BRH:0
end_of_record
